This is pdfTeX, Version 3.141592653-2.6-1.40.24 (TeX Live 2022/Debian) (preloaded format=pdflatex 2025.8.26)  1 SEP 2025 07:42
entering extended mode
 restricted \write18 enabled.
 %&-line parsing enabled.
**main.tex
(./main.tex
LaTeX2e <2022-11-01> patch level 1
L3 programming layer <2023-01-16>
(/usr/share/texlive/texmf-dist/tex/latex/base/article.cls
Document Class: article 2022/07/02 v1.4n Standard LaTeX document class
(/usr/share/texlive/texmf-dist/tex/latex/base/size12.clo
File: size12.clo 2022/07/02 v1.4n Standard LaTeX file (size option)
)
\c@part=\count185
\c@section=\count186
\c@subsection=\count187
\c@subsubsection=\count188
\c@paragraph=\count189
\c@subparagraph=\count190
\c@figure=\count191
\c@table=\count192
\abovecaptionskip=\skip48
\belowcaptionskip=\skip49
\bibindent=\dimen140
)
(./sources/packages.tex
(/usr/share/texlive/texmf-dist/tex/latex/base/fontenc.sty
Package: fontenc 2021/04/29 v2.0v Standard LaTeX package
)
(/usr/share/texlive/texmf-dist/tex/latex/base/inputenc.sty
Package: inputenc 2021/02/14 v1.3d Input encoding file
\inpenc@prehook=\toks16
\inpenc@posthook=\toks17
)
(/usr/share/texlive/texmf-dist/tex/latex/geometry/geometry.sty
Package: geometry 2020/01/02 v5.9 Page Geometry

(/usr/share/texlive/texmf-dist/tex/latex/graphics/keyval.sty
Package: keyval 2022/05/29 v1.15 key=value parser (DPC)
\KV@toks@=\toks18
)
(/usr/share/texlive/texmf-dist/tex/generic/iftex/ifvtex.sty
Package: ifvtex 2019/10/25 v1.7 ifvtex legacy package. Use iftex instead.

(/usr/share/texlive/texmf-dist/tex/generic/iftex/iftex.sty
Package: iftex 2022/02/03 v1.0f TeX engine tests
))
\Gm@cnth=\count193
\Gm@cntv=\count194
\c@Gm@tempcnt=\count195
\Gm@bindingoffset=\dimen141
\Gm@wd@mp=\dimen142
\Gm@odd@mp=\dimen143
\Gm@even@mp=\dimen144
\Gm@layoutwidth=\dimen145
\Gm@layoutheight=\dimen146
\Gm@layouthoffset=\dimen147
\Gm@layoutvoffset=\dimen148
\Gm@dimlist=\toks19
)
(/usr/share/texlive/texmf-dist/tex/generic/babel/babel.sty
Package: babel 2022/12/26 3.84 The Babel package
\babel@savecnt=\count196
\U@D=\dimen149
\l@unhyphenated=\language87

(/usr/share/texlive/texmf-dist/tex/generic/babel/txtbabel.def)
\bbl@readstream=\read2
\bbl@dirlevel=\count197

(/usr/share/texlive/texmf-dist/tex/generic/babel-english/english.ldf
Language: english 2017/06/06 v3.3r English support from the babel system
Package babel Info: Hyphen rules for 'canadian' set to \l@english
(babel)             (\language0). Reported on input line 102.
Package babel Info: Hyphen rules for 'australian' set to \l@ukenglish
(babel)             (\language5). Reported on input line 105.
Package babel Info: Hyphen rules for 'newzealand' set to \l@ukenglish
(babel)             (\language5). Reported on input line 108.
))
(/usr/share/texlive/texmf-dist/tex/generic/babel/locale/en/babel-english.tex
Package babel Info: Importing font and identification data for english
(babel)             from babel-en.ini. Reported on input line 11.
)
(/usr/share/texlive/texmf-dist/tex/latex/listings/listings.sty
\lst@mode=\count198
\lst@gtempboxa=\box51
\lst@token=\toks20
\lst@length=\count199
\lst@currlwidth=\dimen150
\lst@column=\count266
\lst@pos=\count267
\lst@lostspace=\dimen151
\lst@width=\dimen152
\lst@newlines=\count268
\lst@lineno=\count269
\lst@maxwidth=\dimen153

(/usr/share/texlive/texmf-dist/tex/latex/listings/lstmisc.sty
File: lstmisc.sty 2020/03/24 1.8d (Carsten Heinz)
\c@lstnumber=\count270
\lst@skipnumbers=\count271
\lst@framebox=\box52
)
(/usr/share/texlive/texmf-dist/tex/latex/listings/listings.cfg
File: listings.cfg 2020/03/24 1.8d listings configuration
))
Package: listings 2020/03/24 1.8d (Carsten Heinz)

(/usr/share/texlive/texmf-dist/tex/latex/matlab-prettifier/matlab-prettifier.st
y
Package: matlab-prettifier 2014/06/19 v0.3 A package for prettyprinting Matlab 
source code
 (/usr/share/texlive/texmf-dist/tex/latex/base/textcomp.sty
Package: textcomp 2020/02/02 v2.0n Standard LaTeX package
)
(/usr/share/texlive/texmf-dist/tex/latex/xcolor/xcolor.sty
Package: xcolor 2022/06/12 v2.14 LaTeX color extensions (UK)

(/usr/share/texlive/texmf-dist/tex/latex/graphics-cfg/color.cfg
File: color.cfg 2016/01/02 v1.6 sample color configuration
)
Package xcolor Info: Driver file: pdftex.def on input line 227.

(/usr/share/texlive/texmf-dist/tex/latex/graphics-def/pdftex.def
File: pdftex.def 2022/09/22 v1.2b Graphics/color driver for pdftex
)
(/usr/share/texlive/texmf-dist/tex/latex/graphics/mathcolor.ltx)
Package xcolor Info: Model `cmy' substituted by `cmy0' on input line 1353.
Package xcolor Info: Model `hsb' substituted by `rgb' on input line 1357.
Package xcolor Info: Model `RGB' extended on input line 1369.
Package xcolor Info: Model `HTML' substituted by `rgb' on input line 1371.
Package xcolor Info: Model `Hsb' substituted by `hsb' on input line 1372.
Package xcolor Info: Model `tHsb' substituted by `hsb' on input line 1373.
Package xcolor Info: Model `HSB' substituted by `hsb' on input line 1374.
Package xcolor Info: Model `Gray' substituted by `gray' on input line 1375.
Package xcolor Info: Model `wave' substituted by `hsb' on input line 1376.
)
\netBracketCount@mlpr=\count272
\blkLvl@mlpr=\count273
\blkLvlAtClassdef@mlpr=\count274
\emHeight@mlpr=\skip50
\jayDepth@mlpr=\skip51
\sectionRuleOffset@mlpr=\skip52
\toks@mlpr=\toks21
)
(/usr/share/texlive/texmf-dist/tex/latex/changepage/changepage.sty
Package: changepage 2009/10/20 v1.0c check page and change page layout
\c@cp@cntr=\count275
\cp@tempcnt=\count276
)
(/usr/share/texlive/texmf-dist/tex/latex/amsmath/amsmath.sty
Package: amsmath 2022/04/08 v2.17n AMS math features
\@mathmargin=\skip53

For additional information on amsmath, use the `?' option.
(/usr/share/texlive/texmf-dist/tex/latex/amsmath/amstext.sty
Package: amstext 2021/08/26 v2.01 AMS text

(/usr/share/texlive/texmf-dist/tex/latex/amsmath/amsgen.sty
File: amsgen.sty 1999/11/30 v2.0 generic functions
\@emptytoks=\toks22
\ex@=\dimen154
))
(/usr/share/texlive/texmf-dist/tex/latex/amsmath/amsbsy.sty
Package: amsbsy 1999/11/29 v1.2d Bold Symbols
\pmbraise@=\dimen155
)
(/usr/share/texlive/texmf-dist/tex/latex/amsmath/amsopn.sty
Package: amsopn 2022/04/08 v2.04 operator names
)
\inf@bad=\count277
LaTeX Info: Redefining \frac on input line 234.
\uproot@=\count278
\leftroot@=\count279
LaTeX Info: Redefining \overline on input line 399.
LaTeX Info: Redefining \colon on input line 410.
\classnum@=\count280
\DOTSCASE@=\count281
LaTeX Info: Redefining \ldots on input line 496.
LaTeX Info: Redefining \dots on input line 499.
LaTeX Info: Redefining \cdots on input line 620.
\Mathstrutbox@=\box53
\strutbox@=\box54
LaTeX Info: Redefining \big on input line 722.
LaTeX Info: Redefining \Big on input line 723.
LaTeX Info: Redefining \bigg on input line 724.
LaTeX Info: Redefining \Bigg on input line 725.
\big@size=\dimen156
LaTeX Font Info:    Redeclaring font encoding OML on input line 743.
LaTeX Font Info:    Redeclaring font encoding OMS on input line 744.
\macc@depth=\count282
LaTeX Info: Redefining \bmod on input line 905.
LaTeX Info: Redefining \pmod on input line 910.
LaTeX Info: Redefining \smash on input line 940.
LaTeX Info: Redefining \relbar on input line 970.
LaTeX Info: Redefining \Relbar on input line 971.
\c@MaxMatrixCols=\count283
\dotsspace@=\muskip16
\c@parentequation=\count284
\dspbrk@lvl=\count285
\tag@help=\toks23
\row@=\count286
\column@=\count287
\maxfields@=\count288
\andhelp@=\toks24
\eqnshift@=\dimen157
\alignsep@=\dimen158
\tagshift@=\dimen159
\tagwidth@=\dimen160
\totwidth@=\dimen161
\lineht@=\dimen162
\@envbody=\toks25
\multlinegap=\skip54
\multlinetaggap=\skip55
\mathdisplay@stack=\toks26
LaTeX Info: Redefining \[ on input line 2953.
LaTeX Info: Redefining \] on input line 2954.
)
(/usr/share/texlive/texmf-dist/tex/latex/titlesec/titlesec.sty
Package: titlesec 2021/07/05 v2.14 Sectioning titles
\ttl@box=\box55
\beforetitleunit=\skip56
\aftertitleunit=\skip57
\ttl@plus=\dimen163
\ttl@minus=\dimen164
\ttl@toksa=\toks27
\titlewidth=\dimen165
\titlewidthlast=\dimen166
\titlewidthfirst=\dimen167
)
(/usr/share/texlive/texmf-dist/tex/latex/titling/titling.sty
Package: titling 2009/09/04 v2.1d maketitle typesetting
\thanksmarkwidth=\skip58
\thanksmargin=\skip59
\droptitle=\skip60
)
(/usr/share/texlive/texmf-dist/tex/latex/enumitem/enumitem.sty
Package: enumitem 2019/06/20 v3.9 Customized lists
\labelindent=\skip61
\enit@outerparindent=\dimen168
\enit@toks=\toks28
\enit@inbox=\box56
\enit@count@id=\count289
\enitdp@description=\count290
)
(/usr/share/texlive/texmf-dist/tex/latex/graphics/graphicx.sty
Package: graphicx 2021/09/16 v1.2d Enhanced LaTeX Graphics (DPC,SPQR)

(/usr/share/texlive/texmf-dist/tex/latex/graphics/graphics.sty
Package: graphics 2022/03/10 v1.4e Standard LaTeX Graphics (DPC,SPQR)

(/usr/share/texlive/texmf-dist/tex/latex/graphics/trig.sty
Package: trig 2021/08/11 v1.11 sin cos tan (DPC)
)
(/usr/share/texlive/texmf-dist/tex/latex/graphics-cfg/graphics.cfg
File: graphics.cfg 2016/06/04 v1.11 sample graphics configuration
)
Package graphics Info: Driver file: pdftex.def on input line 107.
)
\Gin@req@height=\dimen169
\Gin@req@width=\dimen170
)
(/usr/share/texlive/texmf-dist/tex/latex/fancyhdr/fancyhdr.sty
Package: fancyhdr 2022/11/09 v4.1 Extensive control of page headers and footers

\f@nch@headwidth=\skip62
\f@nch@O@elh=\skip63
\f@nch@O@erh=\skip64
\f@nch@O@olh=\skip65
\f@nch@O@orh=\skip66
\f@nch@O@elf=\skip67
\f@nch@O@erf=\skip68
\f@nch@O@olf=\skip69
\f@nch@O@orf=\skip70
)
(/usr/share/texlive/texmf-dist/tex/latex/lastpage/lastpage.sty
Package: lastpage 2021/09/03 v1.2n Refers to last page's name (HMM; JPG)
)
(/usr/share/texlive/texmf-dist/tex/latex/caption/caption.sty
Package: caption 2022/03/01 v3.6b Customizing captions (AR)

(/usr/share/texlive/texmf-dist/tex/latex/caption/caption3.sty
Package: caption3 2022/03/17 v2.3b caption3 kernel (AR)
\caption@tempdima=\dimen171
\captionmargin=\dimen172
\caption@leftmargin=\dimen173
\caption@rightmargin=\dimen174
\caption@width=\dimen175
\caption@indent=\dimen176
\caption@parindent=\dimen177
\caption@hangindent=\dimen178
Package caption Info: Standard document class detected.
)
\c@caption@flags=\count291
\c@continuedfloat=\count292
Package caption Info: changepage package is loaded.
\caption@adjustwidth@hsize=\dimen179
\caption@adjustwidth@linewidth=\dimen180
Package caption Info: listings package is loaded.
)
(/usr/share/texlive/texmf-dist/tex/latex/tocloft/tocloft.sty
Package: tocloft 2017/08/31 v2.3i parameterised ToC, etc., typesetting
Package tocloft Info: The document has section divisions on input line 51.
\cftparskip=\skip71
\cftbeforetoctitleskip=\skip72
\cftaftertoctitleskip=\skip73
\cftbeforepartskip=\skip74
\cftpartnumwidth=\skip75
\cftpartindent=\skip76
\cftbeforesecskip=\skip77
\cftsecindent=\skip78
\cftsecnumwidth=\skip79
\cftbeforesubsecskip=\skip80
\cftsubsecindent=\skip81
\cftsubsecnumwidth=\skip82
\cftbeforesubsubsecskip=\skip83
\cftsubsubsecindent=\skip84
\cftsubsubsecnumwidth=\skip85
\cftbeforeparaskip=\skip86
\cftparaindent=\skip87
\cftparanumwidth=\skip88
\cftbeforesubparaskip=\skip89
\cftsubparaindent=\skip90
\cftsubparanumwidth=\skip91
\cftbeforeloftitleskip=\skip92
\cftafterloftitleskip=\skip93
\cftbeforefigskip=\skip94
\cftfigindent=\skip95
\cftfignumwidth=\skip96
\c@lofdepth=\count293
\c@lotdepth=\count294
\cftbeforelottitleskip=\skip97
\cftafterlottitleskip=\skip98
\cftbeforetabskip=\skip99
\cfttabindent=\skip100
\cfttabnumwidth=\skip101
)
(/usr/share/texlive/texmf-dist/tex/latex/setspace/setspace.sty
Package: setspace 2022/12/04 v6.7b set line spacing
)
(/usr/share/texlive/texmf-dist/tex/latex/multirow/multirow.sty
Package: multirow 2021/03/15 v2.8 Span multiple rows of a table
\multirow@colwidth=\skip102
\multirow@cntb=\count295
\multirow@dima=\skip103
\bigstrutjot=\dimen181
)
(/usr/share/texlive/texmf-dist/tex/latex/float/float.sty
Package: float 2001/11/08 v1.3d Float enhancements (AL)
\c@float@type=\count296
\float@exts=\toks29
\float@box=\box57
\@float@everytoks=\toks30
\@floatcapt=\box58
)
(/usr/share/texlive/texmf-dist/tex/latex/comment/comment.sty
\CommentStream=\write3

Excluding comment 'comment')
(/usr/share/texlive/texmf-dist/tex/latex/booktabs/booktabs.sty
Package: booktabs 2020/01/12 v1.61803398 Publication quality tables
\heavyrulewidth=\dimen182
\lightrulewidth=\dimen183
\cmidrulewidth=\dimen184
\belowrulesep=\dimen185
\belowbottomsep=\dimen186
\aboverulesep=\dimen187
\abovetopsep=\dimen188
\cmidrulesep=\dimen189
\cmidrulekern=\dimen190
\defaultaddspace=\dimen191
\@cmidla=\count297
\@cmidlb=\count298
\@aboverulesep=\dimen192
\@belowrulesep=\dimen193
\@thisruleclass=\count299
\@lastruleclass=\count300
\@thisrulewidth=\dimen194
)
(/usr/share/texlive/texmf-dist/tex/latex/graphics/lscape.sty
Package: lscape 2020/05/28 v3.02 Landscape Pages (DPC)
)
(/usr/share/texlive/texmf-dist/tex/latex/threeparttable/threeparttable.sty
Package: threeparttable 2003/06/13  v 3.0
\@tempboxb=\box59
)
(/usr/share/texlive/texmf-dist/tex/latex/nomencl/nomencl.sty
Package: nomencl 2021/11/10 v5.6 Nomenclature package

(/usr/share/texlive/texmf-dist/tex/latex/xkeyval/xkeyval.sty
Package: xkeyval 2022/06/16 v2.9 package option processing (HA)

(/usr/share/texlive/texmf-dist/tex/generic/xkeyval/xkeyval.tex
(/usr/share/texlive/texmf-dist/tex/generic/xkeyval/xkvutils.tex
\XKV@toks=\toks31
\XKV@tempa@toks=\toks32
)
\XKV@depth=\count301
File: xkeyval.tex 2014/12/03 v2.7a key=value parser (HA)
))
(/usr/share/texlive/texmf-dist/tex/latex/base/ifthen.sty
Package: ifthen 2022/04/13 v1.1d Standard LaTeX ifthen package (DPC)
)
(/usr/share/texlive/texmf-dist/tex/latex/koma-script/tocbasic.sty
Package: tocbasic 2022/10/12 v3.38 KOMA-Script package (handling toc-files)

(/usr/share/texlive/texmf-dist/tex/latex/koma-script/scrbase.sty
Package: scrbase 2022/10/12 v3.38 KOMA-Script package (KOMA-Script-independent 
basics and keyval usage)

(/usr/share/texlive/texmf-dist/tex/latex/koma-script/scrlfile.sty
Package: scrlfile 2022/10/12 v3.38 KOMA-Script package (file load hooks)

(/usr/share/texlive/texmf-dist/tex/latex/koma-script/scrlfile-hook.sty
Package: scrlfile-hook 2022/10/12 v3.38 KOMA-Script package (using LaTeX hooks)


(/usr/share/texlive/texmf-dist/tex/latex/koma-script/scrlogo.sty
Package: scrlogo 2022/10/12 v3.38 KOMA-Script package (logo)
)))
Applying: [2021/05/01] Usage of raw or classic option list on input line 252.
Already applied: [0000/00/00] Usage of raw or classic option list on input line
 368.
)
\scr@dte@tocline@numberwidth=\skip104
\scr@dte@tocline@numbox=\box60
)
Package tocbasic Info: setting babel extension for `nlo' on input line 187.
Package tocbasic Info: setting babel extension for `nls' on input line 188.
\nomlabelwidth=\dimen195
\nom@tempdim=\dimen196
\nomitemsep=\skip105
)
(/usr/share/texlive/texmf-dist/tex/latex/lipsum/lipsum.sty
(/usr/share/texlive/texmf-dist/tex/latex/l3packages/l3keys2e/l3keys2e.sty
(/usr/share/texlive/texmf-dist/tex/latex/l3kernel/expl3.sty
Package: expl3 2023-01-16 L3 programming layer (loader) 

(/usr/share/texlive/texmf-dist/tex/latex/l3backend/l3backend-pdftex.def
File: l3backend-pdftex.def 2023-01-16 L3 backend support: PDF output (pdfTeX)
\l__color_backend_stack_int=\count302
\l__pdf_internal_box=\box61
))
Package: l3keys2e 2023-01-16 LaTeX2e option processing using LaTeX3 keys
)
Package: lipsum 2021-09-20 v2.7 150 paragraphs of Lorem Ipsum dummy text
\g__lipsum_par_int=\count303
\l__lipsum_a_int=\count304
\l__lipsum_b_int=\count305

(/usr/share/texlive/texmf-dist/tex/latex/lipsum/lipsum.ltd.tex))
(/usr/share/texlive/texmf-dist/tex/latex/datetime2/datetime2.sty
Package: datetime2 2021/03/21 v1.5.7 (NLCT) date and time formats

(/usr/share/texlive/texmf-dist/tex/latex/tracklang/tracklang.sty
Package: tracklang 2022/12/13 v1.6.1 (NLCT) Track Languages

(/usr/share/texlive/texmf-dist/tex/generic/tracklang/tracklang.tex))
(/usr/share/texlive/texmf-dist/tex/latex/etoolbox/etoolbox.sty
Package: etoolbox 2020/10/05 v2.5k e-TeX tools for LaTeX (JAW)
\etb@tempcnta=\count306
)
(/usr/share/texlive/texmf-dist/tex/latex/datetime2-english/datetime2-english.ld
f
File: datetime2-english.ldf 2019/10/21 v1.05 (NLCT)

(/usr/share/texlive/texmf-dist/tex/latex/datetime2-english/datetime2-english-ba
se.ldf
File: datetime2-english-base.ldf 2019/10/21 v1.05 (NLCT)
))) (/usr/share/texlive/texmf-dist/tex/generic/soul/soul.sty
Package: soul 2003/11/17 v2.4 letterspacing/underlining (mf)
\SOUL@word=\toks33
\SOUL@lasttoken=\toks34
\SOUL@cmds=\toks35
\SOUL@buffer=\toks36
\SOUL@token=\toks37
\SOUL@spaceskip=\skip106
\SOUL@ttwidth=\dimen197
\SOUL@uldp=\dimen198
\SOUL@ulht=\dimen199
)
(/usr/share/texlive/texmf-dist/tex/latex/tools/longtable.sty
Package: longtable 2021-09-01 v4.17 Multi-page Table package (DPC)
\LTleft=\skip107
\LTright=\skip108
\LTpre=\skip109
\LTpost=\skip110
\LTchunksize=\count307
\LTcapwidth=\dimen256
\LT@head=\box62
\LT@firsthead=\box63
\LT@foot=\box64
\LT@lastfoot=\box65
\LT@gbox=\box66
\LT@cols=\count308
\LT@rows=\count309
\c@LT@tables=\count310
\c@LT@chunks=\count311
\LT@p@ftn=\toks38
)
(/usr/share/texlive/texmf-dist/tex/latex/tools/tabularx.sty
Package: tabularx 2020/01/15 v2.11c `tabularx' package (DPC)

(/usr/share/texlive/texmf-dist/tex/latex/tools/array.sty
Package: array 2022/09/04 v2.5g Tabular extension package (FMi)
\col@sep=\dimen257
\ar@mcellbox=\box67
\extrarowheight=\dimen258
\NC@list=\toks39
\extratabsurround=\skip111
\backup@length=\skip112
\ar@cellbox=\box68
)
\TX@col@width=\dimen259
\TX@old@table=\dimen260
\TX@old@col=\dimen261
\TX@target=\dimen262
\TX@delta=\dimen263
\TX@cols=\count312
\TX@ftn=\toks40
)
(/usr/share/texlive/texmf-dist/tex/latex/colortbl/colortbl.sty
Package: colortbl 2022/06/20 v1.0f Color table columns (DPC)
\everycr=\toks41
\minrowclearance=\skip113
\rownum=\count313
)
(/usr/share/texlive/texmf-dist/tex/latex/hyperref/hyperref.sty
Package: hyperref 2022-11-13 v7.00u Hypertext links for LaTeX

(/usr/share/texlive/texmf-dist/tex/generic/ltxcmds/ltxcmds.sty
Package: ltxcmds 2020-05-10 v1.25 LaTeX kernel commands for general use (HO)
)
(/usr/share/texlive/texmf-dist/tex/generic/pdftexcmds/pdftexcmds.sty
Package: pdftexcmds 2020-06-27 v0.33 Utility functions of pdfTeX for LuaTeX (HO
)

(/usr/share/texlive/texmf-dist/tex/generic/infwarerr/infwarerr.sty
Package: infwarerr 2019/12/03 v1.5 Providing info/warning/error messages (HO)
)
Package pdftexcmds Info: \pdf@primitive is available.
Package pdftexcmds Info: \pdf@ifprimitive is available.
Package pdftexcmds Info: \pdfdraftmode found.
)
(/usr/share/texlive/texmf-dist/tex/latex/kvsetkeys/kvsetkeys.sty
Package: kvsetkeys 2022-10-05 v1.19 Key value parser (HO)
)
(/usr/share/texlive/texmf-dist/tex/generic/kvdefinekeys/kvdefinekeys.sty
Package: kvdefinekeys 2019-12-19 v1.6 Define keys (HO)
)
(/usr/share/texlive/texmf-dist/tex/generic/pdfescape/pdfescape.sty
Package: pdfescape 2019/12/09 v1.15 Implements pdfTeX's escape features (HO)
)
(/usr/share/texlive/texmf-dist/tex/latex/hycolor/hycolor.sty
Package: hycolor 2020-01-27 v1.10 Color options for hyperref/bookmark (HO)
)
(/usr/share/texlive/texmf-dist/tex/latex/letltxmacro/letltxmacro.sty
Package: letltxmacro 2019/12/03 v1.6 Let assignment for LaTeX macros (HO)
)
(/usr/share/texlive/texmf-dist/tex/latex/auxhook/auxhook.sty
Package: auxhook 2019-12-17 v1.6 Hooks for auxiliary files (HO)
)
(/usr/share/texlive/texmf-dist/tex/latex/hyperref/nameref.sty
Package: nameref 2022-05-17 v2.50 Cross-referencing by name of section

(/usr/share/texlive/texmf-dist/tex/latex/refcount/refcount.sty
Package: refcount 2019/12/15 v3.6 Data extraction from label references (HO)
)
(/usr/share/texlive/texmf-dist/tex/generic/gettitlestring/gettitlestring.sty
Package: gettitlestring 2019/12/15 v1.6 Cleanup title references (HO)

(/usr/share/texlive/texmf-dist/tex/latex/kvoptions/kvoptions.sty
Package: kvoptions 2022-06-15 v3.15 Key value format for package options (HO)
))
\c@section@level=\count314
)
\@linkdim=\dimen264
\Hy@linkcounter=\count315
\Hy@pagecounter=\count316

(/usr/share/texlive/texmf-dist/tex/latex/hyperref/pd1enc.def
File: pd1enc.def 2022-11-13 v7.00u Hyperref: PDFDocEncoding definition (HO)
Now handling font encoding PD1 ...
... no UTF-8 mapping file for font encoding PD1
)
(/usr/share/texlive/texmf-dist/tex/generic/intcalc/intcalc.sty
Package: intcalc 2019/12/15 v1.3 Expandable calculations with integers (HO)
)
(/usr/share/texlive/texmf-dist/tex/generic/etexcmds/etexcmds.sty
Package: etexcmds 2019/12/15 v1.7 Avoid name clashes with e-TeX commands (HO)
)
\Hy@SavedSpaceFactor=\count317

(/usr/share/texlive/texmf-dist/tex/latex/hyperref/puenc.def
File: puenc.def 2022-11-13 v7.00u Hyperref: PDF Unicode definition (HO)
Now handling font encoding PU ...
... no UTF-8 mapping file for font encoding PU
)
Package hyperref Info: Option `colorlinks' set `true' on input line 4045.
Package hyperref Info: Hyper figures OFF on input line 4162.
Package hyperref Info: Link nesting OFF on input line 4167.
Package hyperref Info: Hyper index ON on input line 4170.
Package hyperref Info: Plain pages OFF on input line 4177.
Package hyperref Info: Backreferencing OFF on input line 4182.
Package hyperref Info: Implicit mode ON; LaTeX internals redefined.
Package hyperref Info: Bookmarks ON on input line 4410.
\c@Hy@tempcnt=\count318

(/usr/share/texlive/texmf-dist/tex/latex/url/url.sty
\Urlmuskip=\muskip17
Package: url 2013/09/16  ver 3.4  Verb mode for urls, etc.
)
LaTeX Info: Redefining \url on input line 4748.
\XeTeXLinkMargin=\dimen265

(/usr/share/texlive/texmf-dist/tex/generic/bitset/bitset.sty
Package: bitset 2019/12/09 v1.3 Handle bit-vector datatype (HO)

(/usr/share/texlive/texmf-dist/tex/generic/bigintcalc/bigintcalc.sty
Package: bigintcalc 2019/12/15 v1.5 Expandable calculations on big integers (HO
)
))
\Fld@menulength=\count319
\Field@Width=\dimen266
\Fld@charsize=\dimen267
Package hyperref Info: Hyper figures OFF on input line 6027.
Package hyperref Info: Link nesting OFF on input line 6032.
Package hyperref Info: Hyper index ON on input line 6035.
Package hyperref Info: backreferencing OFF on input line 6042.
Package hyperref Info: Link coloring ON on input line 6045.
Package hyperref Info: Link coloring with OCG OFF on input line 6052.
Package hyperref Info: PDF/A mode OFF on input line 6057.

(/usr/share/texlive/texmf-dist/tex/latex/base/atbegshi-ltx.sty
Package: atbegshi-ltx 2021/01/10 v1.0c Emulation of the original atbegshi
package with kernel methods
)
\Hy@abspage=\count320
\c@Item=\count321
\c@Hfootnote=\count322
)
Package hyperref Info: Driver (autodetected): hpdftex.

(/usr/share/texlive/texmf-dist/tex/latex/hyperref/hpdftex.def
File: hpdftex.def 2022-11-13 v7.00u Hyperref driver for pdfTeX

(/usr/share/texlive/texmf-dist/tex/latex/base/atveryend-ltx.sty
Package: atveryend-ltx 2020/08/19 v1.0a Emulation of the original atveryend pac
kage
with kernel methods
)
\Fld@listcount=\count323
\c@bookmark@seq@number=\count324

(/usr/share/texlive/texmf-dist/tex/latex/rerunfilecheck/rerunfilecheck.sty
Package: rerunfilecheck 2022-07-10 v1.10 Rerun checks for auxiliary files (HO)

(/usr/share/texlive/texmf-dist/tex/generic/uniquecounter/uniquecounter.sty
Package: uniquecounter 2019/12/15 v1.4 Provide unlimited unique counter (HO)
)
Package uniquecounter Info: New unique counter `rerunfilecheck' on input line 2
85.
)
\Hy@SectionHShift=\skip114
)
(/usr/share/texlive/texmf-dist/tex/latex/biblatex/biblatex.sty
Package: biblatex 2022/07/12 v3.18b programmable bibliographies (PK/MW)

(/usr/share/texlive/texmf-dist/tex/latex/logreq/logreq.sty
Package: logreq 2010/08/04 v1.0 xml request logger
\lrq@indent=\count325

(/usr/share/texlive/texmf-dist/tex/latex/logreq/logreq.def
File: logreq.def 2010/08/04 v1.0 logreq spec v1.0
))
\c@tabx@nest=\count326
\c@listtotal=\count327
\c@listcount=\count328
\c@liststart=\count329
\c@liststop=\count330
\c@citecount=\count331
\c@citetotal=\count332
\c@multicitecount=\count333
\c@multicitetotal=\count334
\c@instcount=\count335
\c@maxnames=\count336
\c@minnames=\count337
\c@maxitems=\count338
\c@minitems=\count339
\c@citecounter=\count340
\c@maxcitecounter=\count341
\c@savedcitecounter=\count342
\c@uniquelist=\count343
\c@uniquename=\count344
\c@refsection=\count345
\c@refsegment=\count346
\c@maxextratitle=\count347
\c@maxextratitleyear=\count348
\c@maxextraname=\count349
\c@maxextradate=\count350
\c@maxextraalpha=\count351
\c@abbrvpenalty=\count352
\c@highnamepenalty=\count353
\c@lownamepenalty=\count354
\c@maxparens=\count355
\c@parenlevel=\count356
\blx@tempcnta=\count357
\blx@tempcntb=\count358
\blx@tempcntc=\count359
\c@blx@maxsection=\count360
\blx@maxsegment@0=\count361
\blx@notetype=\count362
\blx@parenlevel@text=\count363
\blx@parenlevel@foot=\count364
\blx@sectionciteorder@0=\count365
\blx@sectionciteorderinternal@0=\count366
\blx@entrysetcounter=\count367
\blx@biblioinstance=\count368
\labelnumberwidth=\skip115
\labelalphawidth=\skip116
\biblabelsep=\skip117
\bibitemsep=\skip118
\bibnamesep=\skip119
\bibinitsep=\skip120
\bibparsep=\skip121
\bibhang=\skip122
\blx@bcfin=\read3
\blx@bcfout=\write4
\blx@langwohyphens=\language88
\c@mincomprange=\count369
\c@maxcomprange=\count370
\c@mincompwidth=\count371
Package biblatex Info: Trying to load biblatex default data model...
Package biblatex Info: ... file 'blx-dm.def' found.

(/usr/share/texlive/texmf-dist/tex/latex/biblatex/blx-dm.def
File: blx-dm.def 2022/07/12 v3.18b biblatex localization (PK/MW)
)
Package biblatex Info: Trying to load biblatex style data model...
Package biblatex Info: ... file 'apa.dbx' found.

(/usr/share/texlive/texmf-dist/tex/latex/biblatex-apa/apa.dbx
File: apa.dbx 2022/06/22 v9.16 APA biblatex style data model
)
Package biblatex Info: Trying to load biblatex custom data model...
Package biblatex Info: ... file 'biblatex-dm.cfg' not found.
\c@afterword=\count372
\c@savedafterword=\count373
\c@annotator=\count374
\c@savedannotator=\count375
\c@author=\count376
\c@savedauthor=\count377
\c@bookauthor=\count378
\c@savedbookauthor=\count379
\c@commentator=\count380
\c@savedcommentator=\count381
\c@editor=\count382
\c@savededitor=\count383
\c@editora=\count384
\c@savededitora=\count385
\c@editorb=\count386
\c@savededitorb=\count387
\c@editorc=\count388
\c@savededitorc=\count389
\c@foreword=\count390
\c@savedforeword=\count391
\c@holder=\count392
\c@savedholder=\count393
\c@introduction=\count394
\c@savedintroduction=\count395
\c@namea=\count396
\c@savednamea=\count397
\c@nameb=\count398
\c@savednameb=\count399
\c@namec=\count400
\c@savednamec=\count401
\c@translator=\count402
\c@savedtranslator=\count403
\c@shortauthor=\count404
\c@savedshortauthor=\count405
\c@shorteditor=\count406
\c@savedshorteditor=\count407
\c@narrator=\count408
\c@savednarrator=\count409
\c@execproducer=\count410
\c@savedexecproducer=\count411
\c@execdirector=\count412
\c@savedexecdirector=\count413
\c@with=\count414
\c@savedwith=\count415
\c@labelname=\count416
\c@savedlabelname=\count417
\c@institution=\count418
\c@savedinstitution=\count419
\c@lista=\count420
\c@savedlista=\count421
\c@listb=\count422
\c@savedlistb=\count423
\c@listc=\count424
\c@savedlistc=\count425
\c@listd=\count426
\c@savedlistd=\count427
\c@liste=\count428
\c@savedliste=\count429
\c@listf=\count430
\c@savedlistf=\count431
\c@location=\count432
\c@savedlocation=\count433
\c@organization=\count434
\c@savedorganization=\count435
\c@origlocation=\count436
\c@savedoriglocation=\count437
\c@origpublisher=\count438
\c@savedorigpublisher=\count439
\c@publisher=\count440
\c@savedpublisher=\count441
\c@language=\count442
\c@savedlanguage=\count443
\c@origlanguage=\count444
\c@savedoriglanguage=\count445
\c@citation=\count446
\c@savedcitation=\count447
\c@pageref=\count448
\c@savedpageref=\count449
\shorthandwidth=\skip123
\shortjournalwidth=\skip124
\shortserieswidth=\skip125
\shorttitlewidth=\skip126
\shortauthorwidth=\skip127
\shorteditorwidth=\skip128
\locallabelnumberwidth=\skip129
\locallabelalphawidth=\skip130
\localshorthandwidth=\skip131
\localshortjournalwidth=\skip132
\localshortserieswidth=\skip133
\localshorttitlewidth=\skip134
\localshortauthorwidth=\skip135
\localshorteditorwidth=\skip136
Package biblatex Info: Trying to load compatibility code...
Package biblatex Info: ... file 'blx-compat.def' found.

(/usr/share/texlive/texmf-dist/tex/latex/biblatex/blx-compat.def
File: blx-compat.def 2022/07/12 v3.18b biblatex compatibility (PK/MW)
)
Package biblatex Info: Trying to load generic definitions...
Package biblatex Info: ... file 'biblatex.def' found.

(/usr/share/texlive/texmf-dist/tex/latex/biblatex/biblatex.def
File: biblatex.def 2022/07/12 v3.18b biblatex compatibility (PK/MW)
\c@textcitecount=\count450
\c@textcitetotal=\count451
\c@textcitemaxnames=\count452
\c@biburlbigbreakpenalty=\count453
\c@biburlbreakpenalty=\count454
\c@biburlnumpenalty=\count455
\c@biburlucpenalty=\count456
\c@biburllcpenalty=\count457
\biburlbigskip=\muskip18
\biburlnumskip=\muskip19
\biburlucskip=\muskip20
\biburllcskip=\muskip21
\c@smartand=\count458
)
Package biblatex Info: Trying to load bibliography style 'apa'...
Package biblatex Info: ... file 'apa.bbx' found.

(/usr/share/texlive/texmf-dist/tex/latex/biblatex-apa/apa.bbx
File: apa.bbx 2022/06/22 v9.16 APA biblatex references style
Package biblatex Info: Trying to load bibliography style 'standard'...
Package biblatex Info: ... file 'standard.bbx' found.

(/usr/share/texlive/texmf-dist/tex/latex/biblatex/bbx/standard.bbx
File: standard.bbx 2022/07/12 v3.18b biblatex bibliography style (PK/MW)
\c@bbx:relatedcount=\count459
\c@bbx:relatedtotal=\count460
)
Package biblatex Info: Delimiter 'nameyeardelim' in context 'bib' already defin
ed, overwriting.
Package biblatex Info: Delimiter 'nameyeardelim' in context 'biblist' already d
efined, overwriting.
Package biblatex Info: Delimiter 'nonameyeardelim' in context 'bib' already def
ined, overwriting.
Package biblatex Info: Delimiter 'nonameyeardelim' in context 'biblist' already
 defined, overwriting.
)
Package biblatex Info: Trying to load citation style 'apa'...
Package biblatex Info: ... file 'apa.cbx' found.

(/usr/share/texlive/texmf-dist/tex/latex/biblatex-apa/apa.cbx
File: apa.cbx 2022/06/22 v9.16 APA biblatex citation style
Package biblatex Info: Delimiter 'nameyeardelim' in context '' already defined,
 overwriting.
Package biblatex Info: Delimiter 'andothersdelim' in context '' already defined
, overwriting.
Package biblatex Info: Redefining '\fullcite'.
Package biblatex Info: Redefining '\citeauthor'.
Package biblatex Info: Redefining '\citeyear'.
Package biblatex Info: Redefining '\cite'.
Package biblatex Info: Redefining '\cites'.
Package biblatex Info: Redefining '\parencite'.
Package biblatex Info: Redefining '\parencites'.
Package biblatex Info: Redefining '\footcite'.
Package biblatex Info: Redefining '\footcites'.
Package biblatex Info: Redefining '\footcitetext'.
Package biblatex Info: Redefining '\footcitetexts'.
Package biblatex Info: Redefining '\smartcite'.
Package biblatex Info: Redefining '\smartcites'.
Package biblatex Info: Redefining '\textcite'.
Package biblatex Info: Redefining '\textcites'.
)
Package biblatex Info: Trying to load configuration file...
Package biblatex Info: ... file 'biblatex.cfg' found.

(/usr/share/texlive/texmf-dist/tex/latex/biblatex/biblatex.cfg
File: biblatex.cfg 
)
Package biblatex Info: Input encoding 'utf8' detected.
Package biblatex Info: Document encoding is UTF8 ....
Package biblatex Info: ... and expl3
(biblatex)             2023-01-16 L3 programming layer (loader) 
(biblatex)             is new enough (at least 2020/04/06),
(biblatex)             setting 'casechanger=expl3'.

(/usr/share/texlive/texmf-dist/tex/latex/biblatex/blx-case-expl3.sty
(/usr/share/texlive/texmf-dist/tex/latex/l3packages/xparse/xparse.sty
Package: xparse 2023-01-16 L3 Experimental document command parser
)
Package: blx-case-expl3 2022/07/12 v3.18b expl3 case changing code for biblatex

)))
(/usr/share/texlive/texmf-dist/tex/latex/csquotes/csquotes.sty
Package: csquotes 2022-09-14 v5.2n context-sensitive quotations (JAW)
\csq@reset=\count461
\csq@gtype=\count462
\csq@glevel=\count463
\csq@qlevel=\count464
\csq@maxlvl=\count465
\csq@tshold=\count466
\csq@ltx@everypar=\toks42

(/usr/share/texlive/texmf-dist/tex/latex/csquotes/csquotes.def
File: csquotes.def 2022-09-14 v5.2n csquotes generic definitions (JAW)
)
Package csquotes Info: Trying to load configuration file 'csquotes.cfg'...
Package csquotes Info: ... configuration file loaded successfully.

(/usr/share/texlive/texmf-dist/tex/latex/csquotes/csquotes.cfg
File: csquotes.cfg 
))
(/usr/share/texlive/texmf-dist/tex/latex/listings/lstlang1.sty
File: lstlang1.sty 2020/03/24 1.8d listings language file
)
\c@stepsi=\count467
\enitdp@steps=\count468

(/usr/share/texlive/texmf-dist/tex/latex/listings/lstlang1.sty
File: lstlang1.sty 2020/03/24 1.8d listings language file
)
Package csquotes Info: Checking for multilingual support...
Package csquotes Info: ... found 'babel' package.
Package csquotes Info: Adjusting default style.
Package csquotes Info: Redefining alias 'default' -> 'english'.
LaTeX Font Info:    Trying to load font information for T1+ptm on input line 55
.

(/usr/share/texlive/texmf-dist/tex/latex/psnfss/t1ptm.fd
File: t1ptm.fd 2001/06/04 font definitions for T1/ptm.
) (./main.aux)
\openout1 = `main.aux'.

LaTeX Font Info:    Checking defaults for OML/cmm/m/it on input line 55.
LaTeX Font Info:    ... okay on input line 55.
LaTeX Font Info:    Checking defaults for OMS/cmsy/m/n on input line 55.
LaTeX Font Info:    ... okay on input line 55.
LaTeX Font Info:    Checking defaults for OT1/cmr/m/n on input line 55.
LaTeX Font Info:    ... okay on input line 55.
LaTeX Font Info:    Checking defaults for T1/cmr/m/n on input line 55.
LaTeX Font Info:    ... okay on input line 55.
LaTeX Font Info:    Checking defaults for TS1/cmr/m/n on input line 55.
LaTeX Font Info:    ... okay on input line 55.
LaTeX Font Info:    Checking defaults for OMX/cmex/m/n on input line 55.
LaTeX Font Info:    ... okay on input line 55.
LaTeX Font Info:    Checking defaults for U/cmr/m/n on input line 55.
LaTeX Font Info:    ... okay on input line 55.
LaTeX Font Info:    Checking defaults for PD1/pdf/m/n on input line 55.
LaTeX Font Info:    ... okay on input line 55.
LaTeX Font Info:    Checking defaults for PU/pdf/m/n on input line 55.
LaTeX Font Info:    ... okay on input line 55.

*geometry* driver: auto-detecting
*geometry* detected driver: pdftex
*geometry* verbose mode - [ preamble ] result:
* driver: pdftex
* paper: letterpaper
* layout: <same size as paper>
* layoutoffset:(h,v)=(0.0pt,0.0pt)
* modes: includehead includefoot 
* h-part:(L,W,R)=(64.01869pt, 486.25761pt, 64.01869pt)
* v-part:(T,H,B)=(64.01869pt, 666.9326pt, 64.01869pt)
* \paperwidth=614.295pt
* \paperheight=794.96999pt
* \textwidth=486.25761pt
* \textheight=585.9326pt
* \oddsidemargin=-8.2513pt
* \evensidemargin=-8.2513pt
* \topmargin=-8.2513pt
* \headheight=16.0pt
* \headsep=25.0pt
* \topskip=12.0pt
* \footskip=50.0pt
* \marginparwidth=44.0pt
* \marginparsep=10.0pt
* \columnsep=10.0pt
* \skip\footins=10.8pt plus 4.0pt minus 2.0pt
* \hoffset=0.0pt
* \voffset=0.0pt
* \mag=1000
* \@twocolumnfalse
* \@twosidefalse
* \@mparswitchfalse
* \@reversemarginfalse
* (1in=72.27pt=25.4mm, 1cm=28.453pt)

\c@lstlisting=\count469
(/usr/share/texlive/texmf-dist/tex/context/base/mkii/supp-pdf.mkii
[Loading MPS to PDF converter (version 2006.09.02).]
\scratchcounter=\count470
\scratchdimen=\dimen268
\scratchbox=\box69
\nofMPsegments=\count471
\nofMParguments=\count472
\everyMPshowfont=\toks43
\MPscratchCnt=\count473
\MPscratchDim=\dimen269
\MPnumerator=\count474
\makeMPintoPDFobject=\count475
\everyMPtoPDFconversion=\toks44
) (/usr/share/texlive/texmf-dist/tex/latex/epstopdf-pkg/epstopdf-base.sty
Package: epstopdf-base 2020-01-24 v2.11 Base part for package epstopdf
Package epstopdf-base Info: Redefining graphics rule for `.eps' on input line 4
85.

(/usr/share/texlive/texmf-dist/tex/latex/latexconfig/epstopdf-sys.cfg
File: epstopdf-sys.cfg 2010/07/13 v1.3 Configuration of (r)epstopdf for TeX Liv
e
))
Package lastpage Info: Please have a look at the pageslts package at
(lastpage)             https://www.ctan.org/pkg/pageslts
(lastpage)             ! on input line 55.
Package caption Info: Begin \AtBeginDocument code.
Package caption Info: float package is loaded.
Package caption Info: hyperref package is loaded.
Package caption Info: longtable package is loaded.

(/usr/share/texlive/texmf-dist/tex/latex/caption/ltcaption.sty
Package: ltcaption 2021/01/08 v1.4c longtable captions (AR)
)
Package caption Info: threeparttable package is loaded.
Package caption Info: End \AtBeginDocument code.
Package hyperref Info: Link coloring ON on input line 55.
 (./main.out)
(./main.out)
\@outlinefile=\write5
\openout5 = `main.out'.

Package biblatex Info: Trying to load language 'english' -> 'english-apa'...
Package biblatex Info: ... file 'english-apa.lbx' found.

(/usr/share/texlive/texmf-dist/tex/latex/biblatex-apa/english-apa.lbx
File: english-apa.lbx 2022/06/22 v9.16 APA biblatex localisation
Package biblatex Info: Trying to load language 'english'...
Package biblatex Info: ... file 'english.lbx' found.

(/usr/share/texlive/texmf-dist/tex/latex/biblatex/lbx/english.lbx
File: english.lbx 2022/07/12 v3.18b biblatex localization (PK/MW)
)
Package biblatex Info: Trying to load language 'american' -> 'american-apa'...
Package biblatex Info: ... file 'american-apa.lbx' found.

(/usr/share/texlive/texmf-dist/tex/latex/biblatex-apa/american-apa.lbx
File: american-apa.lbx 2022/06/22 v9.16 APA biblatex localisation
Package biblatex Info: Trying to load language 'american'...
Package biblatex Info: ... file 'american.lbx' found.

(/usr/share/texlive/texmf-dist/tex/latex/biblatex/lbx/american.lbx
File: american.lbx 2022/07/12 v3.18b biblatex localization (PK/MW)
Package biblatex Info: Trying to load language 'english'...
Package biblatex Info: ... file 'english.lbx' found.

(/usr/share/texlive/texmf-dist/tex/latex/biblatex/lbx/english.lbx
File: english.lbx 2022/07/12 v3.18b biblatex localization (PK/MW)
))))
Package biblatex Info: Input encoding 'utf8' detected.
Package biblatex Info: Automatic encoding selection.
(biblatex)             Assuming data encoding 'utf8'.
\openout4 = `main.bcf'.

Package biblatex Info: Trying to load bibliographic data...
Package biblatex Info: ... file 'main.bbl' found.

(./main.bbl)
Package biblatex Info: Reference section=0 on input line 55.
Package biblatex Info: Reference segment=0 on input line 55.
 (./sources/0_frontpage.tex
<assets/figures/Leeds_Beckett_University_-_New_logo.png, id=590, 388.45125pt x 
258.9675pt>
File: assets/figures/Leeds_Beckett_University_-_New_logo.png Graphic file (type
 png)
<use assets/figures/Leeds_Beckett_University_-_New_logo.png>
Package pdftex.def Info: assets/figures/Leeds_Beckett_University_-_New_logo.png
  used on input line 5.
(pdftex.def)             Requested size: 194.50008pt x 129.66913pt.
 [1

{/var/lib/texmf/fonts/map/pdftex/updmap/pdftex.map} <./assets/figures/Leeds_Bec
kett_University_-_New_logo.png>])
(./sources/0a_declaration.tex
<assets/figures/signature.png, id=601, 96.36pt x 63.1158pt>
File: assets/figures/signature.png Graphic file (type png)
<use assets/figures/signature.png>
Package pdftex.def Info: assets/figures/signature.png  used on input line 11.
(pdftex.def)             Requested size: 48.62872pt x 31.85155pt.
) [1 <./assets/figures/signature.png>]
(./sources/0b_ai_declaration.tex
LaTeX Font Info:    Trying to load font information for TS1+ptm on input line 5
.

(/usr/share/texlive/texmf-dist/tex/latex/psnfss/ts1ptm.fd
File: ts1ptm.fd 2001/06/04 font definitions for TS1/ptm.
))
pdfTeX warning (ext4): destination with the same identifier (name{page.}) has b
een already used, duplicate ignored
<to be read again> 
                   \relax 
l.79 \newpage
              [2] (./sources/0c_acknowledgement.tex)
pdfTeX warning (ext4): destination with the same identifier (name{page.}) has b
een already used, duplicate ignored
<to be read again> 
                   \relax 
l.86 \newpage
              [3] (./main.toc [1] [2] [3])
\tf@toc=\write6
\openout6 = `main.toc'.

 [4] (./sources/1_abstract.tex)
pdfTeX warning (ext4): destination with the same identifier (name{page.1}) has 
been already used, duplicate ignored
<to be read again> 
                   \relax 
l.104 \newpage
               [1] (./sources/2_introduction.tex

LaTeX Warning: Citation 'googlecloud2025threat' on page 2 undefined on input li
ne 2.


LaTeX Warning: Citation 'govuk2025cyber' on page 2 undefined on input line 2.


LaTeX Warning: Citation 'itgovernance2025cia' on page 2 undefined on input line
 2.


LaTeX Warning: Citation 'securityscorecard2025cia' on page 2 undefined on input
 line 2.


LaTeX Warning: Citation 'sharma2024advancements' on page 2 undefined on input l
ine 2.


LaTeX Warning: Citation 'kaur2024challenges' on page 2 undefined on input line 
2.


LaTeX Warning: Citation 'ali2024challenges' on page 2 undefined on input line 2
.


LaTeX Warning: Citation 'singh2025comparative' on page 2 undefined on input lin
e 2.


LaTeX Warning: Citation 'akoto2024machine' on page 2 undefined on input line 2.



LaTeX Warning: Citation 'sharma2024advancements' on page 2 undefined on input l
ine 5.


LaTeX Warning: Citation 'bistech2025networking' on page 2 undefined on input li
ne 5.


LaTeX Warning: Citation 'bistech2025networking' on page 2 undefined on input li
ne 5.


LaTeX Warning: Citation 'researchgate2024challenges' on page 2 undefined on inp
ut line 5.


LaTeX Warning: Citation 'prophaze2025ids' on page 2 undefined on input line 5.


LaTeX Warning: Citation 'researchgate2025comparative' on page 2 undefined on in
put line 5.


LaTeX Warning: Citation 'brilliance2025ml' on page 2 undefined on input line 5.



LaTeX Warning: Citation 'irjmets2025nids' on page 2 undefined on input line 5.


LaTeX Warning: Citation 'semanticscholar2025imbalanced' on page 2 undefined on 
input line 5.


LaTeX Warning: Citation 'arxiv2025defensive' on page 2 undefined on input line 
5.


LaTeX Warning: Citation 'unb2017cicids' on page 2 undefined on input line 5.


LaTeX Warning: Citation 'rdiscovery2025cicids' on page 2 undefined on input lin
e 5.


LaTeX Warning: Citation 'pubmedcentral2025ids' on page 2 undefined on input lin
e 5.

[2] [3]) [4] (./sources/3_literature_review.tex

LaTeX Warning: Citation 'Zhou2024TLS13Survey' on page 5 undefined on input line
 2.


LaTeX Warning: Citation 'Cerasuolo2025Adaptable' on page 5 undefined on input l
ine 2.


LaTeX Warning: Citation 'KBS2025Datasets' on page 5 undefined on input line 2.


LaTeX Warning: Citation 'SuricataDocs2025' on page 5 undefined on input line 3.



LaTeX Warning: Citation 'SnortManual2024' on page 5 undefined on input line 3.


LaTeX Warning: Citation 'CiscoSnort3Guide2024' on page 5 undefined on input lin
e 3.


LaTeX Warning: Citation 'Maseno2022HybridReview' on page 5 undefined on input l
ine 5.


LaTeX Warning: Citation 'Han2023HPNIDS' on page 5 undefined on input line 5.


LaTeX Warning: Citation 'Naghib2025HybridReview' on page 5 undefined on input l
ine 5.


LaTeX Warning: Citation 'SnortManual2024' on page 5 undefined on input line 9.


LaTeX Warning: Citation 'SuricataDocs2025' on page 5 undefined on input line 9.



LaTeX Warning: Citation 'Diana2025Overview' on page 5 undefined on input line 9
.


LaTeX Warning: Citation 'Han2023HPNIDS' on page 5 undefined on input line 9.


LaTeX Warning: Citation 'CiscoSnort3Guide2024' on page 5 undefined on input lin
e 9.


LaTeX Warning: Citation 'Ahmed2025SignatureML' on page 5 undefined on input lin
e 9.

[5]

LaTeX Warning: Citation 'Sadeghi2020ModernIDS' on page 6 undefined on input lin
e 11.


LaTeX Warning: Citation 'CiscoSnort3Guide2024' on page 6 undefined on input lin
e 13.


LaTeX Warning: Citation 'SnortManual2024' on page 6 undefined on input line 13.



LaTeX Warning: Citation 'ACM2024DLIDSReview' on page 6 undefined on input line 
17.


LaTeX Warning: Citation 'Diana2025Overview' on page 6 undefined on input line 1
7.


LaTeX Warning: Citation 'KBS2025Datasets' on page 6 undefined on input line 17.



LaTeX Warning: Citation 'AppliedIntelligence2025Benchmark' on page 6 undefined 
on input line 17.


LaTeX Warning: Citation 'Cerasuolo2025Adaptable' on page 6 undefined on input l
ine 17.


LaTeX Warning: Citation 'AppliedIntelligence2025Benchmark' on page 6 undefined 
on input line 17.


LaTeX Warning: Citation 'SuricataDocs2025' on page 6 undefined on input line 19
.


LaTeX Warning: Citation 'Han2023HPNIDS' on page 6 undefined on input line 20.

[6]

LaTeX Warning: Citation 'Maseno2022HybridReview' on page 7 undefined on input l
ine 23.


LaTeX Warning: Citation 'Naghib2025HybridReview' on page 7 undefined on input l
ine 23.


LaTeX Warning: Citation 'Qiu2022DSTHybrid' on page 7 undefined on input line 23
.


Overfull \hbox (88.40564pt too wide) in paragraph at lines 23--25
\T1/ptm/m/n/12 and anomaly-based meth-ods to bal-ance pre-ci-sion and speed ([]
; []).
 []


LaTeX Warning: Citation 'SuricataDocs2025' on page 7 undefined on input line 30
.


LaTeX Warning: Citation 'SuricataIPS2024' on page 7 undefined on input line 31.



LaTeX Warning: Citation 'CiscoSnort3Guide2024' on page 7 undefined on input lin
e 31.


LaTeX Warning: Citation 'Diana2025Overview' on page 7 undefined on input line 3
2.


LaTeX Warning: Citation 'SuricataDocs2025' on page 7 undefined on input line 34
.


LaTeX Warning: Citation 'CiscoSnort3Guide2024' on page 7 undefined on input lin
e 34.


LaTeX Warning: Citation 'Diana2025Overview' on page 7 undefined on input line 3
5.

[7]

LaTeX Warning: Citation 'NSDI2023Electrode' on page 8 undefined on input line 3
8.


LaTeX Warning: Citation 'ASPLOS2023eHDL' on page 8 undefined on input line 38.


LaTeX Warning: Citation 'P4NIDS2024' on page 8 undefined on input line 39.


LaTeX Warning: Citation 'CiscoSnort3Guide2024' on page 8 undefined on input lin
e 42.


LaTeX Warning: Citation 'SuricataDocs2025' on page 8 undefined on input line 42
.


LaTeX Warning: Citation 'ACM2024DLIDSReview' on page 8 undefined on input line 
42.


LaTeX Warning: Citation 'Cerasuolo2025Adaptable' on page 8 undefined on input l
ine 42.


LaTeX Warning: Citation 'SuricataDocs2025' on page 8 undefined on input line 47
.


LaTeX Warning: Citation 'Diana2025Overview' on page 8 undefined on input line 4
7.

[8]

LaTeX Warning: Citation 'KBS2025Datasets' on page 9 undefined on input line 50.



LaTeX Warning: Citation 'AppliedIntelligence2025Benchmark' on page 9 undefined 
on input line 50.


LaTeX Warning: Citation 'VisQUIC2024' on page 9 undefined on input line 50.


LaTeX Warning: Citation 'QUICBackbone2023' on page 9 undefined on input line 50
.


LaTeX Warning: Citation 'AppliedIntelligence2025Benchmark' on page 9 undefined 
on input line 50.


LaTeX Warning: Citation 'Zhou2024TLS13Survey' on page 9 undefined on input line
 54.


LaTeX Warning: Citation 'Enigma2025ETC' on page 9 undefined on input line 54.


LaTeX Warning: Citation 'Zhou2024TLS13Survey' on page 9 undefined on input line
 54.


LaTeX Warning: Citation 'VisQUIC2024' on page 9 undefined on input line 54.


LaTeX Warning: Citation 'EncryptedNIDS2022' on page 9 undefined on input line 5
4.


LaTeX Warning: Citation 'VisQUIC2024' on page 9 undefined on input line 54.


LaTeX Warning: Citation 'QUICBackbone2023' on page 9 undefined on input line 54
.


LaTeX Warning: Citation 'Han2023HPNIDS' on page 9 undefined on input line 57.


LaTeX Warning: Citation 'NSDI2023Electrode' on page 9 undefined on input line 5
7.


LaTeX Warning: Citation 'ASPLOS2023eHDL' on page 9 undefined on input line 57.


LaTeX Warning: Citation 'P4NIDS2024' on page 9 undefined on input line 57.


LaTeX Warning: Citation 'Cerasuolo2025Adaptable' on page 9 undefined on input l
ine 60.


LaTeX Warning: Citation 'ACM2024DLIDSReview' on page 9 undefined on input line 
60.


LaTeX Warning: Citation 'KBS2025Datasets' on page 9 undefined on input line 60.


[9]

LaTeX Warning: Citation 'Maseno2022HybridReview' on page 10 undefined on input 
line 63.


LaTeX Warning: Citation 'Naghib2025HybridReview' on page 10 undefined on input 
line 63.


LaTeX Warning: Citation 'P4NIDS2024' on page 10 undefined on input line 63.


LaTeX Warning: Citation 'Cerasuolo2025Adaptable' on page 10 undefined on input 
line 66.


Overfull \hbox (74.86977pt too wide) in paragraph at lines 66--67
\T1/ptm/m/n/12 in-cre-men-tal learn-ing has been shown to im-prove trans-parenc
y and main-tain per-for-mance ([]).
 []


LaTeX Warning: Citation 'CiscoSnort3Guide2024' on page 10 undefined on input li
ne 69.


LaTeX Warning: Citation 'SuricataDocs2025' on page 10 undefined on input line 6
9.


LaTeX Warning: Citation 'SuricataIPS2024' on page 10 undefined on input line 69
.


LaTeX Warning: Citation 'Zhou2024TLS13Survey' on page 10 undefined on input lin
e 72.


LaTeX Warning: Citation 'VisQUIC2024' on page 10 undefined on input line 72.


LaTeX Warning: Citation 'NSDI2023Electrode' on page 10 undefined on input line 
72.


LaTeX Warning: Citation 'P4NIDS2024' on page 10 undefined on input line 72.


LaTeX Warning: Citation 'ASPLOS2023eHDL' on page 10 undefined on input line 72.



LaTeX Warning: Citation 'Cerasuolo2025Adaptable' on page 10 undefined on input 
line 72.


LaTeX Warning: Citation 'Maseno2022HybridReview' on page 10 undefined on input 
line 72.


LaTeX Warning: Citation 'AppliedIntelligence2025Benchmark' on page 10 undefined
 on input line 73.


LaTeX Warning: Citation 'KBS2025Datasets' on page 10 undefined on input line 73
.

[10]

LaTeX Warning: Citation 'agrawal2021survey' on page 11 undefined on input line 
81.


LaTeX Warning: Citation 'aldhubaib2024network' on page 11 undefined on input li
ne 81.


LaTeX Warning: Citation 'aldhubaib2024network' on page 11 undefined on input li
ne 88.


LaTeX Warning: Citation 'liu2023intrusion' on page 11 undefined on input line 9
0.

[11]

LaTeX Warning: Citation 'zou2021survey' on page 12 undefined on input line 97.


LaTeX Warning: Citation 'al2020survey' on page 12 undefined on input line 100.


LaTeX Warning: Citation 'zou2021survey' on page 12 undefined on input line 107.



LaTeX Warning: Citation 'zou2021survey' on page 12 undefined on input line 110.


[12]

LaTeX Warning: Citation 'al2020survey' on page 13 undefined on input line 117.


LaTeX Warning: Citation 'al2020survey' on page 13 undefined on input line 120.


LaTeX Warning: Citation 'zhao2022anomaly' on page 13 undefined on input line 13
1.


LaTeX Warning: Citation 'yin2023intrusion' on page 13 undefined on input line 1
34.

[13]

LaTeX Warning: Citation 'bendre2023comprehensive' on page 14 undefined on input
 line 141.


LaTeX Warning: Citation 'bendre2023comprehensive' on page 14 undefined on input
 line 144.


LaTeX Warning: Citation 'said2023systematic' on page 14 undefined on input line
 148.


LaTeX Warning: Citation 'goodfellow2014generative' on page 14 undefined on inpu
t line 151.


LaTeX Warning: Citation 'elsayed2021survey' on page 14 undefined on input line 
151.


LaTeX Warning: Citation 'kim2021adversarial' on page 14 undefined on input line
 155.


LaTeX Warning: Citation 'liu2023intrusion' on page 14 undefined on input line 1
55.

[14]

LaTeX Warning: Citation 'zou2021survey' on page 15 undefined on input line 165.



LaTeX Warning: Citation 'sharafaldin2018survey' on page 15 undefined on input l
ine 172.


LaTeX Warning: Citation 'al2020comprehensive' on page 15 undefined on input lin
e 172.


Overfull \hbox (66.0494pt too wide) in paragraph at lines 172--173
\T1/ptm/m/n/12 with a num-ber of im-por-tant and, in some cases, se-vere chal-l
enges ([]; []).
 []


LaTeX Warning: Citation 'sharafaldin2018toward' on page 15 undefined on input l
ine 175.


LaTeX Warning: Citation 'agrawal2021survey' on page 15 undefined on input line 
175.


Overfull \hbox (61.27353pt too wide) in paragraph at lines 175--176
\T1/ptm/m/n/12 Network in-tru-sion datasets, in-clud-ing CIC-IDS2017, are no-to
-ri-ously highly im-bal-anced ([]).
 []

[15]

LaTeX Warning: Citation 'mahfouz2022systematic' on page 16 undefined on input l
ine 180.


LaTeX Warning: Citation 'habeeb2024two' on page 16 undefined on input line 181.



LaTeX Warning: Citation 'sharafaldin2018toward' on page 16 undefined on input l
ine 197.


LaTeX Warning: Citation 'agrawal2021survey' on page 16 undefined on input line 
197.


LaTeX Warning: Citation 'aldhubaib2024network' on page 16 undefined on input li
ne 197.

[16]

LaTeX Warning: Citation 'kumar2021cicids' on page 17 undefined on input line 19
9.

[17]

LaTeX Warning: Citation 'al2022cicids' on page 18 undefined on input line 211.


LaTeX Warning: Citation 'sharafaldin2018toward' on page 18 undefined on input l
ine 214.


LaTeX Warning: Citation 'kumar2021cicids' on page 18 undefined on input line 21
6.

[18]

LaTeX Warning: Citation 'shafi2022comprehensive' on page 19 undefined on input 
line 226.


LaTeX Warning: Reference `tab: flow_counts' on page 19 undefined on input line 
231.


LaTeX Warning: Reference `tab: data_percentages' on page 19 undefined on input 
line 250.

[19]
<assets/figures/data_count.png, id=919, 466.74374pt x 232.9503pt>
File: assets/figures/data_count.png Graphic file (type png)
<use assets/figures/data_count.png>
Package pdftex.def Info: assets/figures/data_count.png  used on input line 268.

(pdftex.def)             Requested size: 364.6932pt x 182.02396pt.


LaTeX Warning: Citation 's23218788' on page 20 undefined on input line 272.


LaTeX Warning: Reference `fig: class_distr' on page 20 undefined on input line 
274.

[20 <./assets/figures/data_count.png>]
<assets/figures/class_distr.png, id=929, 466.74374pt x 232.9503pt>
File: assets/figures/class_distr.png Graphic file (type png)
<use assets/figures/class_distr.png>
Package pdftex.def Info: assets/figures/class_distr.png  used on input line 280
.
(pdftex.def)             Requested size: 364.6932pt x 182.02396pt.


LaTeX Warning: Citation 's23218788' on page 21 undefined on input line 284.


LaTeX Warning: Reference `fig: dataset_shape' on page 21 undefined on input lin
e 306.

<assets/figures/dataset_shape.jpg, id=931, 144.54pt x 207.174pt>
File: assets/figures/dataset_shape.jpg Graphic file (type jpg)
<use assets/figures/dataset_shape.jpg>
Package pdftex.def Info: assets/figures/dataset_shape.jpg  used on input line 3
12.
(pdftex.def)             Requested size: 243.1288pt x 348.50197pt.
[21 <./assets/figures/class_distr.png>]

LaTeX Warning: Citation 'articl5432e' on page 22 undefined on input line 316.


LaTeX Warning: `h' float specifier changed to `ht'.

<assets/figures/dataset_distr.jpg, id=941, 144.54pt x 107.4414pt>
File: assets/figures/dataset_distr.jpg Graphic file (type jpg)
<use assets/figures/dataset_distr.jpg>
Package pdftex.def Info: assets/figures/dataset_distr.jpg  used on input line 3
61.
(pdftex.def)             Requested size: 364.6932pt x 271.10294pt.
[22 <./assets/figures/dataset_shape.jpg>]

LaTeX Warning: Citation 'article5672' on page 23 undefined on input line 365.

[23 <./assets/figures/dataset_distr.jpg>]

LaTeX Warning: Reference `tab: dataset_correlations' on page 24 undefined on in
put line 367.

<assets/figures/dataset_heatmap.jpg, id=957, 38.544pt x 38.544pt>
File: assets/figures/dataset_heatmap.jpg Graphic file (type jpg)
<use assets/figures/dataset_heatmap.jpg>
Package pdftex.def Info: assets/figures/dataset_heatmap.jpg  used on input line
 402.
(pdftex.def)             Requested size: 194.50008pt x 194.56387pt.
[24]

LaTeX Warning: Citation 'articlers453' on page 25 undefined on input line 406.

[25 <./assets/figures/dataset_heatmap.jpg>]

LaTeX Warning: Reference `subsec:feature-dist' on page 26 undefined on input li
ne 431.


LaTeX Warning: Reference `tab:dataset-summary-stats' on page 26 undefined on in
put line 435.


LaTeX Warning: Reference `tab: dataset-summary-stats' on page 26 undefined on i
nput line 437.


LaTeX Warning: Citation 'sharafaldin2018toward' on page 26 undefined on input l
ine 441.


LaTeX Warning: Citation 'kumar2021cicids' on page 26 undefined on input line 44
3.

[26]

LaTeX Warning: Citation 'shafi2022comprehensive' on page 27 undefined on input 
line 453.


LaTeX Warning: Citation 'al2022cicids' on page 27 undefined on input line 459.

[27]

LaTeX Warning: Citation 'kumar2021cicids' on page 28 undefined on input line 47
0.


LaTeX Warning: Citation 'al2022cicids' on page 28 undefined on input line 473.


LaTeX Warning: Citation 'mahfouz2022systematic' on page 28 undefined on input l
ine 473.

[28]

LaTeX Warning: Citation 'sharafaldin2018toward' on page 29 undefined on input l
ine 476.


LaTeX Warning: Citation 'al2020survey' on page 29 undefined on input line 481.

[29]

LaTeX Warning: Citation 'mahfouz2022systematic' on page 30 undefined on input l
ine 484.


LaTeX Warning: Citation 'aldhubaib2024network' on page 30 undefined on input li
ne 486.


LaTeX Warning: Citation 'al2022cicids' on page 30 undefined on input line 491.

[30]

LaTeX Warning: Citation 'kumar2021cicids' on page 31 undefined on input line 49
3.


LaTeX Warning: Citation 'habeeb2024two' on page 31 undefined on input line 500.


[31]

LaTeX Warning: Citation 'mahfouz2022systematic' on page 32 undefined on input l
ine 506.


LaTeX Warning: Reference `sec: bg_imbalance' on page 32 undefined on input line
 506.


LaTeX Warning: Citation 'sharafaldin2018toward' on page 32 undefined on input l
ine 509.


LaTeX Warning: Citation 'kumar2021cicids' on page 32 undefined on input line 51
2.


LaTeX Warning: Citation 'guha2017tutorial' on page 32 undefined on input line 5
12.

[32]

LaTeX Warning: Citation 'al2022cicids' on page 33 undefined on input line 515.


LaTeX Warning: Citation 'mahfouz2022systematic' on page 33 undefined on input l
ine 524.

[33]

LaTeX Warning: Citation 'al2022cicids' on page 34 undefined on input line 528.

[34]

LaTeX Warning: Citation 'shafi2022comprehensive' on page 35 undefined on input 
line 530.


LaTeX Warning: Citation 'al2020survey' on page 35 undefined on input line 544.


LaTeX Warning: Citation 'aldhubaib2024network' on page 35 undefined on input li
ne 544.

[35] [36]

LaTeX Warning: Citation 'zou2021survey' on page 37 undefined on input line 564.



LaTeX Warning: Citation 'agrawal2021survey' on page 37 undefined on input line 
570.

[37]

LaTeX Warning: Citation 'almutairi2025intrusion' on page 38 undefined on input 
line 586.


LaTeX Warning: Citation 'almutairi2025intrusion' on page 38 undefined on input 
line 601.


LaTeX Warning: Citation 'shafi2022comprehensive' on page 38 undefined on input 
line 602.


LaTeX Warning: Citation 'wang2023efficient' on page 38 undefined on input line 
603.

[38]

LaTeX Warning: Citation 'shafi2022comprehensive' on page 39 undefined on input 
line 617.


LaTeX Warning: Citation 'wang2023efficient' on page 39 undefined on input line 
617.


LaTeX Warning: Citation 'almutairi2025intrusion' on page 39 undefined on input 
line 617.


LaTeX Warning: Citation 'friedman2001greedy' on page 39 undefined on input line
 620.


LaTeX Warning: Citation 'chen2016xgboost' on page 39 undefined on input line 62
3.

[39]

LaTeX Warning: Citation 'chen2016xgboost' on page 40 undefined on input line 63
3.


LaTeX Warning: Citation 'habeeb2024two' on page 40 undefined on input line 638.



LaTeX Warning: Citation 'almutairi2025intrusion' on page 40 undefined on input 
line 640.

[40]

LaTeX Warning: Citation 'aldhubaib2024network' on page 41 undefined on input li
ne 656.


LaTeX Warning: Citation 'liu2021improving' on page 41 undefined on input line 6
59.

[41]

LaTeX Warning: Citation 'albanese2021integrating' on page 42 undefined on input
 line 662.


LaTeX Warning: Citation 'gautam2021overfitting' on page 42 undefined on input l
ine 665.


LaTeX Warning: Citation 'khan2021ensemble' on page 42 undefined on input line 6
68.


LaTeX Warning: Citation 'wang2023transferability' on page 42 undefined on input
 line 671.


LaTeX Warning: Citation 'li2022challenges' on page 42 undefined on input line 6
74.

[42]

LaTeX Warning: Citation 'aldhubaib2024network' on page 43 undefined on input li
ne 677.


LaTeX Warning: Citation 'kasongo2021improving' on page 43 undefined on input li
ne 680.


LaTeX Warning: Citation 'habeeb2024two' on page 43 undefined on input line 683.



LaTeX Warning: Citation 'kim2021adversarial' on page 43 undefined on input line
 686.

[43]

LaTeX Warning: Citation 'chen2016xgboost' on page 44 undefined on input line 69
9.


LaTeX Warning: Citation 'almutairi2025intrusion' on page 44 undefined on input 
line 699.


LaTeX Warning: Citation 'habeeb2024two' on page 44 undefined on input line 699.


[44]

LaTeX Warning: Citation 'al2020survey' on page 45 undefined on input line 701.


LaTeX Warning: Citation 'aldhubaib2024network' on page 45 undefined on input li
ne 701.


LaTeX Warning: Citation 'zou2021survey' on page 45 undefined on input line 707.



LaTeX Warning: Citation 'agrawal2021survey' on page 45 undefined on input line 
709.


LaTeX Warning: Citation 'chen2016xgboost' on page 45 undefined on input line 71
2.

[45]

LaTeX Warning: Citation 'zou2021survey' on page 46 undefined on input line 726.


[46]

LaTeX Warning: Citation 'habeeb2024two' on page 47 undefined on input line 739.



LaTeX Warning: Citation 'kumar2021cicids' on page 47 undefined on input line 74
4.


LaTeX Warning: Citation 'chen2016xgboost' on page 47 undefined on input line 74
4.


LaTeX Warning: Citation 'chen2016xgboost' on page 47 undefined on input line 74
7.

[47]

LaTeX Warning: Citation 'aldhubaib2024network' on page 48 undefined on input li
ne 750.


LaTeX Warning: Citation 'almutairi2025intrusion' on page 48 undefined on input 
line 758.


LaTeX Warning: Citation 'chen2016xgboost' on page 48 undefined on input line 76
1.

[48]

LaTeX Warning: Citation 'agrawal2021survey' on page 49 undefined on input line 
764.


LaTeX Warning: Citation 'aldhubaib2024network' on page 49 undefined on input li
ne 770.


LaTeX Warning: Citation 'chen2016xgboost' on page 49 undefined on input line 77
3.

[49]

LaTeX Warning: Citation 'habeeb2024two' on page 50 undefined on input line 783.



LaTeX Warning: Citation 'al2020survey' on page 50 undefined on input line 786.


LaTeX Warning: Citation 'shafi2022comprehensive' on page 50 undefined on input 
line 789.


LaTeX Warning: Citation 'almutairi2025intrusion' on page 50 undefined on input 
line 792.

[50] [51] [52] [53]

LaTeX Warning: Citation 'habeeb2024two' on page 54 undefined on input line 925.


[54]

LaTeX Warning: Citation 'aldhubaib2024network' on page 55 undefined on input li
ne 948.


LaTeX Warning: Citation 'almutairi2025intrusion' on page 55 undefined on input 
line 950.


LaTeX Warning: Citation 'habeeb2024two' on page 55 undefined on input line 951.



LaTeX Warning: Citation 'mahfouz2022systematic' on page 55 undefined on input l
ine 952.


LaTeX Warning: Citation 'agrawal2021survey' on page 55 undefined on input line 
953.

[55]

LaTeX Warning: Citation 'kasongo2021improving' on page 56 undefined on input li
ne 954.


LaTeX Warning: Citation 'aldhubaib2024network' on page 56 undefined on input li
ne 965.


LaTeX Warning: Citation 'chen2016xgboost' on page 56 undefined on input line 96
5.


LaTeX Warning: Citation 'habeeb2024two' on page 56 undefined on input line 965.



LaTeX Warning: Citation 'almutairi2025intrusion' on page 56 undefined on input 
line 965.


LaTeX Warning: Citation 'kumar2021cicids' on page 56 undefined on input line 96
5.


LaTeX Warning: Citation 'mahfouz2022systematic' on page 56 undefined on input l
ine 967.

[56]

LaTeX Warning: Citation 'aldhubaib2024network' on page 57 undefined on input li
ne 982.


LaTeX Warning: Citation 'chen2016xgboost' on page 57 undefined on input line 98
2.


LaTeX Warning: Citation 'habeeb2024two' on page 57 undefined on input line 982.



LaTeX Warning: Citation 'almutairi2025intrusion' on page 57 undefined on input 
line 982.


LaTeX Warning: Citation 'kumar2021cicids' on page 57 undefined on input line 98
2.


LaTeX Warning: Citation 'mahfouz2022systematic' on page 57 undefined on input l
ine 984.

[57]

LaTeX Warning: Citation 'kumar2021cicids' on page 58 undefined on input line 10
06.


LaTeX Warning: Citation 'al2022cicids' on page 58 undefined on input line 1006.



Overfull \hbox (60.3605pt too wide) in paragraph at lines 1005--1007
\T1/ptm/m/n/12 within CIC-IDS2017 as pre-cisely as other at-tacks (ex-am-ples i
n-clude `Heart-bleed`, `In-fil-tra-tion` ([];
 []

[58]

LaTeX Warning: Citation 'mahfouz2022systematic' on page 59 undefined on input l
ine 1014.


LaTeX Warning: Citation 'aldhubaib2024network' on page 59 undefined on input li
ne 1014.

) [59] (./sources/4_research_methods.tex [60] [61] [62] [63]) [64]
(./sources/5_results.tex

LaTeX Warning: Reference `tab:cic_ids2017_dataset_initial_characteristics' on p
age 65 undefined on input line 7.


LaTeX Warning: Reference `fig:number_of_samples_per_category_initial_dataset' o
n page 65 undefined on input line 9.


LaTeX Warning: Reference `fig:number_of_samples_per_category_post_smotetomek' o
n page 65 undefined on input line 9.


LaTeX Warning: Reference `fig: number_of_samples_per_category_initial_dataset' 
on page 65 undefined on input line 11.


LaTeX Warning: Reference `fig: number_of_samples_per_category_post_smotetomek' 
on page 65 undefined on input line 13.

[65]
LaTeX Font Info:    Trying to load font information for T1+cmtt on input line 2
7.
 (/usr/share/texlive/texmf-dist/tex/latex/base/t1cmtt.fd
File: t1cmtt.fd 2022/07/10 v2.5l Standard LaTeX font definitions
)

LaTeX Warning: Reference `tab: xgboost_best_hp_search' on page 66 undefined on 
input line 27.


LaTeX Warning: Reference `tab:xgboost_best_hp_search' on page 66 undefined on i
nput line 29.

<assets/figures/results/confusion_matrix_xgboost.png, id=1219, 867.24pt x 722.7
pt>
File: assets/figures/results/confusion_matrix_xgboost.png Graphic file (type pn
g)
<use assets/figures/results/confusion_matrix_xgboost.png>
Package pdftex.def Info: assets/figures/results/confusion_matrix_xgboost.png  u
sed on input line 39.
(pdftex.def)             Requested size: 389.00757pt x 324.1754pt.
[66]

LaTeX Warning: Reference `fig: confusion_matrix_xgboost' on page 67 undefined o
n input line 45.


LaTeX Warning: Reference `tab:xgboost_testset_classification_metrics' on page 6
7 undefined on input line 49.

[67 <./assets/figures/results/confusion_matrix_xgboost.png>]
<assets/figures/results/xgboost_feature_importance.png, id=1235, 867.24pt x 578
.16pt>
File: assets/figures/results/xgboost_feature_importance.png Graphic file (type 
png)
<use assets/figures/results/xgboost_feature_importance.png>
Package pdftex.def Info: assets/figures/results/xgboost_feature_importance.png 
 used on input line 58.
(pdftex.def)             Requested size: 389.00757pt x 259.34032pt.
 [68]
<assets/figures/results/shap_summary_plot_overall.png, id=1243, 831.105pt x 476
.982pt>
File: assets/figures/results/shap_summary_plot_overall.png Graphic file (type p
ng)
<use assets/figures/results/shap_summary_plot_overall.png>
Package pdftex.def Info: assets/figures/results/shap_summary_plot_overall.png  
used on input line 65.
(pdftex.def)             Requested size: 486.25761pt x 279.06609pt.
 [69 <./assets/figures/results/xgboost_feature_importance.png>]
<assets/figures/results/comparative_performance_summary.png, id=1251, 1011.78pt
 x 505.89pt>
File: assets/figures/results/comparative_performance_summary.png Graphic file (
type png)
<use assets/figures/results/comparative_performance_summary.png>
Package pdftex.def Info: assets/figures/results/comparative_performance_summary
.png  used on input line 78.
(pdftex.def)             Requested size: 389.00757pt x 194.50192pt.
) [70 <./assets/figures/results/shap_summary_plot_overall.png>] [71 <./assets/f
igures/results/comparative_performance_summary.png>] (./sources/6_discussion.te
x [72]

LaTeX Warning: Citation 'le2021ensemble' on page 73 undefined on input line 25.


[73]) [74] (./sources/7_conclusion.tex [75]) [76] (./sources/8_ethics.tex)
[77]

LaTeX Warning: Empty bibliography on input line 139.

(./sources/9_appendix.tex
<assets/figures/outputs/1.png, id=1299, 1920.17375pt x 637.38126pt>
File: assets/figures/outputs/1.png Graphic file (type png)
<use assets/figures/outputs/1.png>
Package pdftex.def Info: assets/figures/outputs/1.png  used on input line 4.
(pdftex.def)             Requested size: 364.6932pt x 121.05507pt.
<assets/figures/outputs/2.png, id=1300, 981.6675pt x 384.43625pt>
File: assets/figures/outputs/2.png Graphic file (type png)
<use assets/figures/outputs/2.png>
Package pdftex.def Info: assets/figures/outputs/2.png  used on input line 11.
(pdftex.def)             Requested size: 364.6932pt x 142.81992pt.
<assets/figures/outputs/3.png, id=1301, 1049.9225pt x 865.2325pt>
File: assets/figures/outputs/3.png Graphic file (type png)
<use assets/figures/outputs/3.png>
Package pdftex.def Info: assets/figures/outputs/3.png  used on input line 18.
(pdftex.def)             Requested size: 364.6932pt x 300.5387pt.
 [1 <./assets/figures/outputs/1.png> <./assets/figures/outputs/2.png>]
<assets/figures/outputs/4.png, id=1308, 1680.2775pt x 357.335pt>
File: assets/figures/outputs/4.png Graphic file (type png)
<use assets/figures/outputs/4.png>
Package pdftex.def Info: assets/figures/outputs/4.png  used on input line 25.
(pdftex.def)             Requested size: 364.6932pt x 77.55615pt.
<assets/figures/outputs/5.png, id=1309, 880.28876pt x 684.5575pt>
File: assets/figures/outputs/5.png Graphic file (type png)
<use assets/figures/outputs/5.png>
Package pdftex.def Info: assets/figures/outputs/5.png  used on input line 32.
(pdftex.def)             Requested size: 364.6932pt x 283.60556pt.
 [2 <./assets/figures/outputs/3.png> <./assets/figures/outputs/4.png>]
<assets/figures/outputs/6.png, id=1316, 987.69pt x 867.24pt>
File: assets/figures/outputs/6.png Graphic file (type png)
<use assets/figures/outputs/6.png>
Package pdftex.def Info: assets/figures/outputs/6.png  used on input line 39.
(pdftex.def)             Requested size: 364.6932pt x 320.21213pt.
 [3 <./assets/figures/outputs/5.png>]
<assets/figures/outputs/7.png, id=1322, 720.6925pt x 544.0325pt>
File: assets/figures/outputs/7.png Graphic file (type png)
<use assets/figures/outputs/7.png>
Package pdftex.def Info: assets/figures/outputs/7.png  used on input line 46.
(pdftex.def)             Requested size: 364.6932pt x 275.29457pt.
 [4 <./assets/figures/outputs/6.png>]
<assets/figures/outputs/8.png, id=1328, 811.03pt x 633.36626pt>
File: assets/figures/outputs/8.png Graphic file (type png)
<use assets/figures/outputs/8.png>
Package pdftex.def Info: assets/figures/outputs/8.png  used on input line 53.
(pdftex.def)             Requested size: 364.6932pt x 284.80923pt.
<assets/figures/outputs/9.png, id=1329, 834.11626pt x 863.225pt>
File: assets/figures/outputs/9.png Graphic file (type png)
<use assets/figures/outputs/9.png>
Package pdftex.def Info: assets/figures/outputs/9.png  used on input line 60.
(pdftex.def)             Requested size: 364.6932pt x 377.42291pt.
 [5 <./assets/figures/outputs/7.png> <./assets/figures/outputs/8.png>]
<assets/figures/outputs/10.png, id=1336, 1787.67876pt x 860.21375pt>
File: assets/figures/outputs/10.png Graphic file (type png)
<use assets/figures/outputs/10.png>
Package pdftex.def Info: assets/figures/outputs/10.png  used on input line 67.
(pdftex.def)             Requested size: 364.6932pt x 175.47865pt.

[6 <./assets/figures/outputs/9.png>] [7 <./assets/figures/outputs/10.png>]
[8] [9]) 
AED: lastpage setting LastPage
[10] (./main.aux)

LaTeX Warning: There were undefined references.

Package rerunfilecheck Info: File `main.out' has not changed.
(rerunfilecheck)             Checksum: 0900122173775598771463EBC95EDEA3;32155.

Package biblatex Warning: Please (re)run Biber on the file:
(biblatex)                main
(biblatex)                and rerun LaTeX afterwards.

Package logreq Info: Writing requests to 'main.run.xml'.
\openout1 = `main.run.xml'.

 ) 
Here is how much of TeX's memory you used:
 29690 strings out of 476091
 541972 string characters out of 5794081
 2046330 words of memory out of 5000000
 49270 multiletter control sequences out of 15000+600000
 562078 words of font info for 80 fonts, out of 8000000 for 9000
 1141 hyphenation exceptions out of 8191
 115i,12n,118p,1628b,5179s stack positions out of 10000i,1000n,20000p,200000b,200000s
{/usr/share/texmf/fonts/enc/dvips/cm-super/cm-super-t1.enc}{/usr/share/texliv
e/texmf-dist/fonts/enc/dvips/base/8r.enc}</usr/share/texlive/texmf-dist/fonts/t
ype1/public/amsfonts/cm/cmex10.pfb></usr/share/texlive/texmf-dist/fonts/type1/p
ublic/amsfonts/cm/cmmi12.pfb></usr/share/texlive/texmf-dist/fonts/type1/public/
amsfonts/cm/cmmi6.pfb></usr/share/texlive/texmf-dist/fonts/type1/public/amsfont
s/cm/cmmi8.pfb></usr/share/texlive/texmf-dist/fonts/type1/public/amsfonts/cm/cm
r12.pfb></usr/share/texlive/texmf-dist/fonts/type1/public/amsfonts/cm/cmr8.pfb>
</usr/share/texlive/texmf-dist/fonts/type1/public/amsfonts/cm/cmsy10.pfb></usr/
share/texlive/texmf-dist/fonts/type1/public/amsfonts/cm/cmsy8.pfb></usr/share/t
exmf/fonts/type1/public/cm-super/sftt1200.pfb></usr/share/texlive/texmf-dist/fo
nts/type1/urw/times/utmb8a.pfb></usr/share/texlive/texmf-dist/fonts/type1/urw/t
imes/utmr8a.pfb></usr/share/texlive/texmf-dist/fonts/type1/urw/times/utmri8a.pf
b>
Output written on main.pdf (95 pages, 3201530 bytes).
PDF statistics:
 1489 PDF objects out of 1728 (max. 8388607)
 1327 compressed objects within 14 object streams
 327 named destinations out of 1000 (max. 500000)
 1274 words of extra memory for PDF output out of 10000 (max. 10000000)

