\BOOKMARK [1][-]{section.1}{\376\377\000C\000h\000a\000p\000t\000e\000r\000\040\0001\000:\000\040\000I\000n\000t\000r\000o\000d\000u\000c\000t\000i\000o\000n}{}% 1
\BOOKMARK [2][-]{subsection.1.1}{\376\377\000B\000a\000c\000k\000g\000r\000o\000u\000n\000d}{section.1}% 2
\BOOKMARK [2][-]{subsection.1.2}{\376\377\000P\000r\000o\000b\000l\000e\000m\000\040\000S\000t\000a\000t\000e\000m\000e\000n\000t}{section.1}% 3
\BOOKMARK [2][-]{subsection.1.3}{\376\377\000R\000e\000s\000e\000a\000r\000c\000h\000\040\000Q\000u\000e\000s\000t\000i\000o\000n\000s}{section.1}% 4
\BOOKMARK [2][-]{subsection.1.4}{\376\377\000R\000e\000s\000e\000a\000r\000c\000h\000\040\000O\000b\000j\000e\000c\000t\000i\000v\000e\000s}{section.1}% 5
\BOOKMARK [2][-]{subsection.1.5}{\376\377\000S\000c\000o\000p\000e\000\040\000o\000f\000\040\000t\000h\000e\000\040\000D\000i\000s\000s\000e\000r\000t\000a\000t\000i\000o\000n}{section.1}% 6
\BOOKMARK [2][-]{subsection.1.6}{\376\377\000S\000i\000g\000n\000i\000f\000i\000c\000a\000n\000c\000e\000\040\000o\000f\000\040\000t\000h\000e\000\040\000R\000e\000s\000e\000a\000r\000c\000h}{section.1}% 7
\BOOKMARK [2][-]{subsection.1.7}{\376\377\000D\000i\000s\000s\000e\000r\000t\000a\000t\000i\000o\000n\000\040\000O\000u\000t\000l\000i\000n\000e}{section.1}% 8
\BOOKMARK [1][-]{section.2}{\376\377\000C\000h\000a\000p\000t\000e\000r\000\040\0002\000:\000\040\000L\000i\000t\000e\000r\000a\000t\000u\000r\000e\000\040\000R\000e\000v\000i\000e\000w}{}% 9
\BOOKMARK [2][-]{subsection.2.1}{\376\377\000I\000n\000t\000r\000o\000d\000u\000c\000t\000i\000o\000n\000\040\000t\000o\000\040\000N\000e\000t\000w\000o\000r\000k\000\040\000I\000n\000t\000r\000u\000s\000i\000o\000n\000\040\000D\000e\000t\000e\000c\000t\000i\000o\000n\000\040\000S\000y\000s\000t\000e\000m}{section.2}% 10
\BOOKMARK [2][-]{subsection.2.2}{\376\377\000H\000o\000w\000\040\000N\000I\000D\000S\000\040\000d\000e\000t\000e\000c\000t\000\040\000t\000h\000r\000e\000a\000t\000s}{section.2}% 11
\BOOKMARK [3][-]{subsubsection.2.2.1}{\376\377\000S\000i\000g\000n\000a\000t\000u\000r\000e\000-\000B\000a\000s\000e\000d\000\040\000D\000e\000t\000e\000c\000t\000i\000o\000n}{subsection.2.2}% 12
\BOOKMARK [3][-]{subsubsection.2.2.2}{\376\377\000A\000n\000o\000m\000a\000l\000y\000-\000B\000a\000s\000e\000d\000\040\000D\000e\000t\000e\000c\000t\000i\000o\000n}{subsection.2.2}% 13
\BOOKMARK [3][-]{subsubsection.2.2.3}{\376\377\000H\000y\000b\000r\000i\000d\000\040\000D\000e\000t\000e\000c\000t\000i\000o\000n}{subsection.2.2}% 14
\BOOKMARK [2][-]{subsection.2.3}{\376\377\000H\000o\000w\000\040\000N\000I\000D\000S\000\040\000a\000r\000e\000\040\000d\000e\000p\000l\000o\000y\000e\000d\000\040\000i\000n\000\040\000t\000h\000e\000\040\000r\000e\000a\000l\000-\000w\000o\000r\000l\000d}{section.2}% 15
\BOOKMARK [3][-]{subsubsection.2.3.1}{\376\377\000S\000o\000f\000t\000w\000a\000r\000e\000\040\000a\000n\000d\000\040\000H\000a\000r\000d\000w\000a\000r\000e\000\040\000t\000o\000\040\000b\000o\000o\000s\000t\000\040\000p\000e\000r\000f\000o\000r\000m\000a\000n\000c\000e}{subsection.2.3}% 16
\BOOKMARK [3][-]{subsubsection.2.3.2}{\376\377\000R\000u\000l\000e\000\040\000a\000n\000d\000\040\000M\000o\000d\000e\000l\000\040\000M\000a\000n\000a\000g\000e\000m\000e\000n\000t}{subsection.2.3}% 17
\BOOKMARK [3][-]{subsubsection.2.3.3}{\376\377\000I\000n\000t\000e\000g\000r\000a\000t\000i\000o\000n\000\040\000w\000i\000t\000h\000\040\000S\000I\000E\000M\000/\000S\000O\000A\000R}{subsection.2.3}% 18
\BOOKMARK [2][-]{subsection.2.4}{\376\377\000D\000a\000t\000a\000s\000e\000t\000s\000\040\000a\000n\000d\000\040\000E\000v\000a\000l\000u\000a\000t\000i\000o\000n}{section.2}% 19
\BOOKMARK [2][-]{subsection.2.5}{\376\377\000C\000o\000n\000t\000e\000m\000p\000o\000r\000a\000r\000y\000\040\000C\000h\000a\000l\000l\000e\000n\000g\000e\000s}{section.2}% 20
\BOOKMARK [3][-]{subsubsection.2.5.1}{\376\377\000E\000n\000c\000r\000y\000p\000t\000i\000o\000n\000\040\000a\000n\000d\000\040\000P\000r\000o\000t\000o\000c\000o\000l\000\040\000E\000v\000o\000l\000u\000t\000i\000o\000n}{subsection.2.5}% 21
\BOOKMARK [3][-]{subsubsection.2.5.2}{\376\377\000P\000e\000r\000f\000o\000r\000m\000a\000n\000c\000e\000\040\000a\000t\000\040\000L\000i\000n\000e\000\040\000R\000a\000t\000e}{subsection.2.5}% 22
\BOOKMARK [3][-]{subsubsection.2.5.3}{\376\377\000D\000a\000t\000a\000\040\000a\000n\000d\000\040\000C\000o\000n\000c\000e\000p\000t\000\040\000D\000r\000i\000f\000t}{subsection.2.5}% 23
\BOOKMARK [3][-]{subsubsection.2.5.4}{\376\377\000A\000d\000v\000e\000r\000s\000a\000r\000i\000a\000l\000\040\000R\000o\000b\000u\000s\000t\000n\000e\000s\000s}{subsection.2.5}% 24
\BOOKMARK [3][-]{subsubsection.2.5.5}{\376\377\000E\000x\000p\000l\000a\000i\000n\000a\000b\000i\000l\000i\000t\000y\000\040\000a\000n\000d\000\040\000A\000n\000a\000l\000y\000s\000t\000\040\000T\000r\000u\000s\000t}{subsection.2.5}% 25
\BOOKMARK [3][-]{subsubsection.2.5.6}{\376\377\000O\000p\000e\000r\000a\000t\000i\000o\000n\000a\000l\000\040\000D\000i\000f\000f\000c\000u\000l\000t\000i\000e\000s}{subsection.2.5}% 26
\BOOKMARK [2][-]{subsection.2.6}{\376\377\000F\000u\000t\000u\000r\000e\000\040\000D\000i\000r\000e\000c\000t\000i\000o\000n\000s}{section.2}% 27
\BOOKMARK [2][-]{subsection.2.7}{\376\377\000M\000L\000\040\000i\000n\000\040\000N\000e\000t\000w\000o\000r\000k\000\040\000I\000n\000t\000r\000u\000s\000i\000o\000n\000\040\000D\000e\000t\000e\000c\000t\000i\000o\000n\000\040\000S\000y\000s\000t\000e\000m\000s}{section.2}% 28
\BOOKMARK [3][-]{subsubsection.2.7.1}{\376\377\000I\000n\000t\000r\000o\000d\000u\000c\000t\000i\000o\000n}{subsection.2.7}% 29
\BOOKMARK [2][-]{subsection.2.8}{\376\377\000M\000a\000c\000h\000i\000n\000e\000\040\000L\000e\000a\000r\000n\000i\000n\000g\000\040\000A\000p\000p\000r\000o\000a\000c\000h\000e\000s\000\040\000i\000n\000\040\000N\000I\000D\000S}{section.2}% 30
\BOOKMARK [3][-]{subsubsection.2.8.1}{\376\377\000S\000u\000p\000e\000r\000v\000i\000s\000e\000d\000\040\000l\000e\000a\000r\000n\000i\000n\000g}{subsection.2.8}% 31
\BOOKMARK [3][-]{subsubsection.2.8.2}{\376\377\000S\000e\000m\000i\000-\000S\000u\000p\000e\000r\000v\000i\000s\000e\000d\000\040\000L\000e\000a\000r\000n\000i\000n\000g}{subsection.2.8}% 32
\BOOKMARK [2][-]{subsection.2.9}{\376\377\000C\000h\000a\000l\000l\000e\000n\000g\000e\000s\000\040\000a\000n\000d\000\040\000F\000u\000t\000u\000r\000e\000\040\000D\000i\000r\000e\000c\000t\000i\000o\000n\000s\000\040\000o\000f\000\040\000M\000L\000\040\000i\000n\000\040\000N\000I\000D\000S}{section.2}% 33
\BOOKMARK [3][-]{subsubsection.2.9.1}{\376\377\000D\000a\000t\000a\000\040\000I\000m\000b\000a\000l\000a\000n\000c\000e}{subsection.2.9}% 34
\BOOKMARK [2][-]{subsection.2.10}{\376\377\000E\000x\000p\000l\000o\000r\000a\000t\000o\000r\000y\000\040\000D\000a\000t\000a\000\040\000A\000n\000a\000l\000y\000s\000i\000s\000\040\000\050\000E\000D\000A\000\051\000\040\000o\000f\000\040\000t\000h\000e\000\040\000C\000I\000C\000-\000I\000D\000S\0002\0000\0001\0007\000\040\000D\000a\000t\000a\000s\000e\000t}{section.2}% 35
\BOOKMARK [3][-]{subsubsection.2.10.1}{\376\377\000B\000r\000i\000e\000f\000\040\000I\000n\000t\000r\000o\000d\000u\000c\000t\000i\000o\000n}{subsection.2.10}% 36
\BOOKMARK [3][-]{subsubsection.2.10.2}{\376\377\000T\000h\000e\000\040\000C\000I\000C\000-\000I\000D\000S\0002\0000\0001\0007\000\040\000D\000a\000t\000a\000s\000e\000t\000:\000\040\000B\000a\000c\000k\000g\000r\000o\000u\000n\000d\000\040\000a\000n\000d\000\040\000K\000e\000y\000\040\000C\000h\000a\000r\000a\000c\000t\000e\000r\000i\000s\000t\000i\000c\000s}{subsection.2.10}% 37
\BOOKMARK [3][-]{subsubsection.2.10.3}{\376\377\000S\000t\000r\000u\000c\000t\000u\000r\000e\000\040\000a\000n\000d\000\040\000F\000e\000a\000t\000u\000r\000e\000s}{subsection.2.10}% 38
\BOOKMARK [3][-]{subsubsection.2.10.4}{\376\377\000D\000a\000t\000a\000s\000e\000t\000\040\000O\000v\000e\000r\000v\000i\000e\000w}{subsection.2.10}% 39
\BOOKMARK [2][-]{subsection.2.11}{\376\377\000P\000r\000e\000l\000i\000m\000i\000n\000a\000r\000y\000\040\000E\000D\000A\000:\000\040\000I\000n\000i\000t\000i\000a\000l\000\040\000I\000m\000p\000r\000e\000s\000s\000i\000o\000n\000s\000\040\000a\000n\000d\000\040\000R\000e\000d\000\040\000F\000l\000a\000g\000s}{section.2}% 40
\BOOKMARK [2][-]{subsection.2.12}{\376\377\000D\000a\000t\000a\000s\000e\000t\000\040\000S\000u\000m\000m\000a\000r\000y\000\040\000S\000t\000a\000t\000i\000s\000t\000i\000c\000s}{section.2}% 41
\BOOKMARK [2][-]{subsection.2.13}{\376\377\000D\000a\000t\000a\000s\000e\000t\000\040\000C\000h\000a\000r\000a\000c\000t\000e\000r\000i\000s\000t\000i\000c\000s\000\040\000a\000n\000d\000\040\000F\000e\000a\000t\000u\000r\000e\000s}{section.2}% 42
\BOOKMARK [2][-]{subsection.2.14}{\376\377\000I\000n\000i\000t\000i\000a\000l\000\040\000D\000a\000t\000a\000\040\000E\000x\000p\000l\000o\000r\000a\000t\000i\000o\000n\000\040\000\050\000E\000D\000A\000\051}{section.2}% 43
\BOOKMARK [3][-]{subsubsection.2.14.1}{\376\377\000L\000o\000a\000d\000i\000n\000g\000\040\000a\000n\000d\000\040\000M\000e\000r\000g\000i\000n\000g\000\040\000D\000a\000t\000a}{subsection.2.14}% 44
\BOOKMARK [3][-]{subsubsection.2.14.2}{\376\377\000D\000a\000t\000a\000\040\000T\000y\000p\000e\000s\000\040\000a\000n\000d\000\040\000I\000n\000i\000t\000i\000a\000l\000\040\000S\000t\000a\000t\000i\000s\000t\000i\000c\000s}{subsection.2.14}% 45
\BOOKMARK [3][-]{subsubsection.2.14.3}{\376\377\000N\000a\000N\000\040\000\050\000M\000i\000s\000s\000i\000n\000g\000\040\000V\000a\000l\000u\000e\000s\000\051\000\040\000T\000r\000e\000a\000t\000m\000e\000n\000t}{subsection.2.14}% 46
\BOOKMARK [3][-]{subsubsection.2.14.4}{\376\377\000I\000n\000f\000\040\000\050\000I\000n\000f\000i\000n\000i\000t\000e\000\040\000V\000a\000l\000u\000e\000s\000\051\000\040\000T\000r\000e\000a\000t\000m\000e\000n\000t}{subsection.2.14}% 47
\BOOKMARK [3][-]{subsubsection.2.14.5}{\376\377\000E\000n\000c\000o\000d\000i\000n\000g\000\040\000C\000a\000t\000e\000g\000o\000r\000i\000c\000a\000l\000\040\000F\000e\000a\000t\000u\000r\000e\000s}{subsection.2.14}% 48
\BOOKMARK [3][-]{subsubsection.2.14.6}{\376\377\000A\000n\000a\000l\000y\000s\000i\000s\000\040\000o\000f\000\040\000C\000l\000a\000s\000s\000\040\000D\000i\000s\000t\000r\000i\000b\000u\000t\000i\000o\000n}{subsection.2.14}% 49
\BOOKMARK [3][-]{subsubsection.2.14.7}{\376\377\000F\000e\000a\000t\000u\000r\000e\000-\000W\000i\000s\000e\000\040\000A\000n\000a\000l\000y\000s\000i\000s\000\040\000a\000n\000d\000\040\000O\000u\000t\000l\000i\000e\000r\000\040\000D\000e\000t\000e\000c\000t\000i\000o\000n}{subsection.2.14}% 50
\BOOKMARK [3][-]{subsubsection.2.14.8}{\376\377\000C\000o\000r\000r\000e\000l\000a\000t\000i\000o\000n\000\040\000A\000n\000a\000l\000y\000s\000i\000s}{subsection.2.14}% 51
\BOOKMARK [3][-]{subsubsection.2.14.9}{\376\377\000I\000d\000e\000n\000t\000i\000f\000i\000e\000d\000\040\000C\000h\000a\000l\000l\000e\000n\000g\000e\000s\000\040\000a\000n\000d\000\040\000t\000h\000e\000i\000r\000\040\000I\000m\000p\000l\000i\000c\000a\000t\000i\000o\000n\000s\000\040\000f\000o\000r\000\040\000t\000h\000e\000\040\000M\000e\000t\000h\000o\000d\000o\000l\000o\000g\000y}{subsection.2.14}% 52
\BOOKMARK [3][-]{subsubsection.2.14.10}{\376\377\000A\000d\000d\000r\000e\000s\000s\000i\000n\000g\000\040\000E\000D\000A\000\040\000I\000n\000s\000i\000g\000h\000t\000s\000\040\000i\000n\000\040\000t\000h\000e\000\040\000M\000e\000t\000h\000o\000d\000o\000l\000o\000g\000y}{subsection.2.14}% 53
\BOOKMARK [3][-]{subsubsection.2.14.11}{\376\377\000C\000o\000n\000c\000l\000u\000s\000i\000o\000n\000\040\000o\000f\000\040\000D\000a\000t\000a\000s\000e\000t\000\040\000E\000x\000p\000l\000o\000r\000a\000t\000i\000o\000n}{subsection.2.14}% 54
\BOOKMARK [2][-]{subsection.2.15}{\376\377\000D\000e\000e\000p\000\040\000D\000i\000v\000e\000\040\000i\000n\000t\000o\000\040\000E\000n\000s\000e\000m\000b\000l\000e\000\040\000L\000e\000a\000r\000n\000i\000n\000g}{section.2}% 55
\BOOKMARK [3][-]{subsubsection.2.15.1}{\376\377\000I\000n\000t\000r\000o\000d\000u\000c\000t\000i\000o\000n}{subsection.2.15}% 56
\BOOKMARK [3][-]{subsubsection.2.15.2}{\376\377\000T\000h\000e\000\040\000B\000a\000s\000i\000c\000s\000:\000\040\000F\000o\000u\000n\000d\000a\000t\000i\000o\000n\000s\000\040\000o\000f\000\040\000E\000n\000s\000e\000m\000b\000l\000e\000\040\000L\000e\000a\000r\000n\000i\000n\000g}{subsection.2.15}% 57
\BOOKMARK [3][-]{subsubsection.2.15.3}{\376\377\000B\000i\000a\000s\000-\000V\000a\000r\000i\000a\000n\000c\000e\000\040\000T\000r\000a\000d\000e\000-\000o\000f\000f}{subsection.2.15}% 58
\BOOKMARK [3][-]{subsubsection.2.15.4}{\376\377\000B\000a\000g\000g\000i\000n\000g\000\040\000\050\000B\000o\000o\000t\000s\000t\000r\000a\000p\000\040\000A\000g\000g\000r\000e\000g\000a\000t\000i\000n\000g\000\051}{subsection.2.15}% 59
\BOOKMARK [3][-]{subsubsection.2.15.5}{\376\377\000B\000o\000o\000t\000s\000t\000r\000a\000p\000p\000i\000n\000g}{subsection.2.15}% 60
\BOOKMARK [3][-]{subsubsection.2.15.6}{\376\377\000W\000o\000r\000k\000i\000n\000g\000s\000\040\000o\000f\000\040\000B\000a\000g\000g\000i\000n\000g}{subsection.2.15}% 61
\BOOKMARK [3][-]{subsubsection.2.15.7}{\376\377\000R\000a\000n\000d\000o\000m\000\040\000F\000o\000r\000e\000s\000t\000\040\000\050\000R\000F\000\051}{subsection.2.15}% 62
\BOOKMARK [3][-]{subsubsection.2.15.8}{\376\377\000B\000o\000o\000s\000t\000i\000n\000g}{subsection.2.15}% 63
\BOOKMARK [3][-]{subsubsection.2.15.9}{\376\377\000T\000h\000e\000\040\000G\000e\000n\000e\000r\000a\000l\000\040\000P\000r\000i\000n\000c\000i\000p\000l\000e\000\040\000o\000f\000\040\000G\000r\000a\000d\000i\000e\000n\000t\000\040\000B\000o\000o\000s\000t\000i\000n\000g\000\040\000M\000a\000c\000h\000i\000n\000e\000s\000\040\000\050\000G\000B\000M\000\051}{subsection.2.15}% 64
\BOOKMARK [3][-]{subsubsection.2.15.10}{\376\377\000E\000x\000t\000r\000e\000m\000e\000\040\000G\000r\000a\000d\000i\000e\000n\000t\000\040\000B\000o\000o\000s\000t\000i\000n\000g\000\040\000\050\000X\000G\000B\000o\000o\000s\000t\000\051}{subsection.2.15}% 65
\BOOKMARK [3][-]{subsubsection.2.15.11}{\376\377\000C\000o\000m\000p\000u\000t\000a\000t\000i\000o\000n\000a\000l\000\040\000C\000o\000m\000p\000l\000e\000x\000i\000t\000y\000\040\000a\000n\000d\000\040\000R\000e\000s\000o\000u\000r\000c\000e\000\040\000R\000e\000q\000u\000i\000r\000e\000m\000e\000n\000t\000s}{subsection.2.15}% 66
\BOOKMARK [3][-]{subsubsection.2.15.12}{\376\377\000M\000o\000d\000e\000l\000\040\000C\000o\000m\000p\000l\000e\000x\000i\000t\000y\000\040\000a\000n\000d\000\040\000I\000n\000t\000e\000r\000p\000r\000e\000t\000a\000b\000i\000l\000i\000t\000y}{subsection.2.15}% 67
\BOOKMARK [3][-]{subsubsection.2.15.13}{\376\377\000I\000n\000t\000e\000g\000r\000a\000t\000i\000o\000n\000\040\000w\000i\000t\000h\000\040\000E\000x\000i\000s\000t\000i\000n\000g\000\040\000I\000n\000f\000r\000a\000s\000t\000r\000u\000c\000t\000u\000r\000e}{subsection.2.15}% 68
\BOOKMARK [3][-]{subsubsection.2.15.14}{\376\377\000O\000v\000e\000r\000f\000i\000t\000t\000i\000n\000g\000\040\000w\000i\000t\000h\000\040\000I\000m\000p\000r\000o\000p\000e\000r\000\040\000T\000u\000n\000i\000n\000g}{subsection.2.15}% 69
\BOOKMARK [3][-]{subsubsection.2.15.15}{\376\377\000M\000a\000i\000n\000t\000a\000i\000n\000i\000n\000g\000\040\000P\000e\000r\000f\000o\000r\000m\000a\000n\000c\000e\000\040\000w\000i\000t\000h\000\040\000E\000v\000o\000l\000v\000i\000n\000g\000\040\000T\000h\000r\000e\000a\000t\000s}{subsection.2.15}% 70
\BOOKMARK [3][-]{subsubsection.2.15.16}{\376\377\000D\000a\000t\000a\000s\000e\000t\000\040\000S\000p\000e\000c\000i\000f\000i\000c\000i\000t\000y\000\040\000a\000n\000d\000\040\000T\000r\000a\000n\000s\000f\000e\000r\000a\000b\000i\000l\000i\000t\000y}{subsection.2.15}% 71
\BOOKMARK [3][-]{subsubsection.2.15.17}{\376\377\000H\000y\000p\000e\000r\000p\000a\000r\000a\000m\000e\000t\000e\000r\000\040\000T\000u\000n\000i\000n\000g\000\040\000a\000n\000d\000\040\000C\000o\000n\000f\000i\000g\000u\000r\000a\000t\000i\000o\000n}{subsection.2.15}% 72
\BOOKMARK [3][-]{subsubsection.2.15.18}{\376\377\000I\000n\000c\000r\000e\000a\000s\000e\000d\000\040\000C\000o\000m\000p\000u\000t\000a\000t\000i\000o\000n\000a\000l\000\040\000C\000o\000s\000t\000\040\000a\000n\000d\000\040\000T\000r\000a\000i\000n\000i\000n\000g\000\040\000T\000i\000m\000e}{subsection.2.15}% 73
\BOOKMARK [3][-]{subsubsection.2.15.19}{\376\377\000R\000e\000d\000u\000c\000e\000d\000\040\000I\000n\000t\000e\000r\000p\000r\000e\000t\000a\000b\000i\000l\000i\000t\000y\000\040\000\050\000B\000l\000a\000c\000k\000-\000B\000o\000x\000\040\000N\000a\000t\000u\000r\000e\000\051}{subsection.2.15}% 74
\BOOKMARK [3][-]{subsubsection.2.15.20}{\376\377\000H\000y\000p\000e\000r\000p\000a\000r\000a\000m\000e\000t\000e\000r\000\040\000C\000o\000m\000p\000l\000e\000x\000i\000t\000y}{subsection.2.15}% 75
\BOOKMARK [3][-]{subsubsection.2.15.21}{\376\377\000V\000u\000l\000n\000e\000r\000a\000b\000i\000l\000i\000t\000y\000\040\000t\000o\000\040\000A\000d\000v\000e\000r\000s\000a\000r\000i\000a\000l\000\040\000A\000t\000t\000a\000c\000k\000s}{subsection.2.15}% 76
\BOOKMARK [2][-]{subsection.2.16}{\376\377\000C\000o\000n\000c\000l\000u\000s\000i\000o\000n}{section.2}% 77
\BOOKMARK [2][-]{subsection.2.17}{\376\377\000D\000e\000e\000p\000\040\000D\000i\000v\000e\000\040\000i\000n\000t\000o\000\040\000X\000G\000B\000o\000o\000s\000t\000:\000\040\000P\000r\000i\000n\000c\000i\000p\000l\000e\000s\000,\000\040\000A\000d\000v\000a\000n\000t\000a\000g\000e\000s\000,\000\040\000a\000n\000d\000\040\000H\000y\000p\000e\000r\000p\000a\000r\000a\000m\000e\000t\000e\000r\000s}{section.2}% 78
\BOOKMARK [3][-]{subsubsection.2.17.1}{\376\377\000I\000n\000t\000r\000o\000d\000u\000c\000t\000i\000o\000n\000\040\000t\000o\000\040\000X\000G\000B\000o\000o\000s\000t}{subsection.2.17}% 79
\BOOKMARK [3][-]{subsubsection.2.17.2}{\376\377\000C\000o\000r\000e\000\040\000P\000r\000i\000n\000c\000i\000p\000l\000e\000s\000\040\000o\000f\000\040\000X\000G\000B\000o\000o\000s\000t}{subsection.2.17}% 80
\BOOKMARK [3][-]{subsubsection.2.17.3}{\376\377\000E\000n\000s\000e\000m\000b\000l\000e\000\040\000L\000e\000a\000r\000n\000i\000n\000g\000\040\000a\000n\000d\000\040\000B\000o\000o\000s\000t\000i\000n\000g}{subsection.2.17}% 81
\BOOKMARK [3][-]{subsubsection.2.17.4}{\376\377\000G\000r\000a\000d\000i\000e\000n\000t\000\040\000B\000o\000o\000s\000t\000i\000n\000g\000\040\000M\000a\000c\000h\000i\000n\000e\000s\000\040\000\050\000G\000B\000M\000\051}{subsection.2.17}% 82
\BOOKMARK [3][-]{subsubsection.2.17.5}{\376\377\000D\000e\000c\000i\000s\000i\000o\000n\000\040\000T\000r\000e\000e\000s\000\040\000a\000s\000\040\000W\000e\000a\000k\000\040\000L\000e\000a\000r\000n\000e\000r\000s}{subsection.2.17}% 83
\BOOKMARK [3][-]{subsubsection.2.17.6}{\376\377\000X\000G\000B\000o\000o\000s\000t\000:\000\040\000A\000l\000g\000o\000r\000i\000t\000h\000m\000i\000c\000\040\000E\000n\000h\000a\000n\000c\000e\000m\000e\000n\000t\000s\000\040\000a\000n\000d\000\040\000M\000e\000c\000h\000a\000n\000i\000c\000s}{subsection.2.17}% 84
\BOOKMARK [3][-]{subsubsection.2.17.7}{\376\377\000R\000e\000g\000u\000l\000a\000r\000i\000z\000a\000t\000i\000o\000n\000\040\000i\000n\000\040\000t\000h\000e\000\040\000O\000b\000j\000e\000c\000t\000i\000v\000e\000\040\000F\000u\000n\000c\000t\000i\000o\000n}{subsection.2.17}% 85
\BOOKMARK [3][-]{subsubsection.2.17.8}{\376\377\000S\000p\000a\000r\000s\000i\000t\000y\000-\000A\000w\000a\000r\000e\000\040\000S\000p\000l\000i\000t\000\040\000F\000i\000n\000d\000i\000n\000g}{subsection.2.17}% 86
\BOOKMARK [3][-]{subsubsection.2.17.9}{\376\377\000A\000p\000p\000r\000o\000x\000i\000m\000a\000t\000e\000\040\000G\000r\000e\000e\000d\000y\000\040\000A\000l\000g\000o\000r\000i\000t\000h\000m\000\040\000a\000n\000d\000\040\000W\000e\000i\000g\000h\000t\000e\000d\000\040\000Q\000u\000a\000n\000t\000i\000l\000e\000\040\000S\000k\000e\000t\000c\000h}{subsection.2.17}% 87
\BOOKMARK [3][-]{subsubsection.2.17.10}{\376\377\000S\000h\000r\000i\000n\000k\000a\000g\000e\000\040\000\050\000L\000e\000a\000r\000n\000i\000n\000g\000\040\000R\000a\000t\000e\000\051}{subsection.2.17}% 88
\BOOKMARK [3][-]{subsubsection.2.17.11}{\376\377\000C\000o\000l\000u\000m\000n\000\040\000S\000u\000b\000s\000a\000m\000p\000l\000i\000n\000g\000\040\000\050\000F\000e\000a\000t\000u\000r\000e\000\040\000B\000a\000g\000g\000i\000n\000g\000\051}{subsection.2.17}% 89
\BOOKMARK [3][-]{subsubsection.2.17.12}{\376\377\000T\000r\000e\000e\000\040\000P\000r\000u\000n\000i\000n\000g}{subsection.2.17}% 90
\BOOKMARK [3][-]{subsubsection.2.17.13}{\376\377\000P\000a\000r\000a\000l\000l\000e\000l\000\040\000C\000o\000m\000p\000u\000t\000i\000n\000g}{subsection.2.17}% 91
\BOOKMARK [3][-]{subsubsection.2.17.14}{\376\377\000A\000d\000v\000a\000n\000t\000a\000g\000e\000s\000\040\000o\000f\000\040\000X\000G\000B\000o\000o\000s\000t}{subsection.2.17}% 92
\BOOKMARK [3][-]{subsubsection.2.17.15}{\376\377\000S\000u\000p\000e\000r\000i\000o\000r\000\040\000A\000c\000c\000u\000r\000a\000c\000y}{subsection.2.17}% 93
\BOOKMARK [3][-]{subsubsection.2.17.16}{\376\377\000H\000i\000g\000h\000\040\000S\000p\000e\000e\000d\000\040\000a\000n\000d\000\040\000S\000c\000a\000l\000a\000b\000i\000l\000i\000t\000y}{subsection.2.17}% 94
\BOOKMARK [3][-]{subsubsection.2.17.17}{\376\377\000R\000o\000b\000u\000s\000t\000n\000e\000s\000s\000\040\000A\000g\000a\000i\000n\000s\000t\000\040\000O\000v\000e\000r\000f\000i\000t\000t\000i\000n\000g}{subsection.2.17}% 95
\BOOKMARK [3][-]{subsubsection.2.17.18}{\376\377\000E\000f\000f\000e\000c\000t\000i\000v\000e\000\040\000H\000a\000n\000d\000l\000i\000n\000g\000\040\000o\000f\000\040\000M\000i\000s\000s\000i\000n\000g\000\040\000V\000a\000l\000u\000e\000s}{subsection.2.17}% 96
\BOOKMARK [3][-]{subsubsection.2.17.19}{\376\377\000F\000l\000e\000x\000i\000b\000i\000l\000i\000t\000y\000\040\000a\000n\000d\000\040\000C\000u\000s\000t\000o\000m\000i\000z\000a\000t\000i\000o\000n}{subsection.2.17}% 97
\BOOKMARK [3][-]{subsubsection.2.17.20}{\376\377\000B\000u\000i\000l\000t\000-\000i\000n\000\040\000F\000e\000a\000t\000u\000r\000e\000\040\000I\000m\000p\000o\000r\000t\000a\000n\000c\000e}{subsection.2.17}% 98
\BOOKMARK [3][-]{subsubsection.2.17.21}{\376\377\000C\000r\000o\000s\000s\000-\000P\000l\000a\000t\000f\000o\000r\000m\000\040\000C\000o\000m\000p\000a\000t\000i\000b\000i\000l\000i\000t\000y}{subsection.2.17}% 99
\BOOKMARK [3][-]{subsubsection.2.17.22}{\376\377\000K\000e\000y\000\040\000H\000y\000p\000e\000r\000p\000a\000r\000a\000m\000e\000t\000e\000r\000s\000\040\000a\000n\000d\000\040\000T\000h\000e\000i\000r\000\040\000I\000m\000p\000a\000c\000t}{subsection.2.17}% 100
\BOOKMARK [3][-]{subsubsection.2.17.23}{\376\377\000G\000e\000n\000e\000r\000a\000l\000\040\000P\000a\000r\000a\000m\000e\000t\000e\000r\000s}{subsection.2.17}% 101
\BOOKMARK [3][-]{subsubsection.2.17.24}{\376\377\000B\000o\000o\000s\000t\000e\000r\000\040\000P\000a\000r\000a\000m\000e\000t\000e\000r\000s\000\040\000\050\000T\000r\000e\000e\000-\000S\000p\000e\000c\000i\000f\000i\000c\000\040\000P\000a\000r\000a\000m\000e\000t\000e\000r\000s\000\040\000f\000o\000r\000\040\000g\000b\000t\000r\000e\000e\000\040\000\051}{subsection.2.17}% 102
\BOOKMARK [3][-]{subsubsection.2.17.25}{\376\377\000L\000e\000a\000r\000n\000i\000n\000g\000\040\000T\000a\000s\000k\000\040\000P\000a\000r\000a\000m\000e\000t\000e\000r\000s}{subsection.2.17}% 103
\BOOKMARK [3][-]{subsubsection.2.17.26}{\376\377\000T\000u\000n\000i\000n\000g\000\040\000S\000t\000r\000a\000t\000e\000g\000y\000\040\000I\000m\000p\000l\000i\000c\000a\000t\000i\000o\000n\000s\000\040\000f\000o\000r\000\040\000N\000I\000D\000S}{subsection.2.17}% 104
\BOOKMARK [3][-]{subsubsection.2.17.27}{\376\377\000X\000G\000B\000o\000o\000s\000t\000\040\000i\000n\000\040\000N\000e\000t\000w\000o\000r\000k\000\040\000I\000n\000t\000r\000u\000s\000i\000o\000n\000\040\000D\000e\000t\000e\000c\000t\000i\000o\000n\000\040\000\050\000N\000I\000D\000S\000\051}{subsection.2.17}% 105
\BOOKMARK [2][-]{subsection.2.18}{\376\377\000I\000d\000e\000n\000t\000i\000f\000i\000c\000a\000t\000i\000o\000n\000\040\000o\000f\000\040\000R\000e\000s\000e\000a\000r\000c\000h\000\040\000G\000a\000p\000s}{section.2}% 106
\BOOKMARK [3][-]{subsubsection.2.18.1}{\376\377\000P\000i\000n\000p\000o\000i\000n\000t\000i\000n\000g\000\040\000S\000p\000e\000c\000i\000f\000i\000c\000\040\000R\000e\000s\000e\000a\000r\000c\000h\000\040\000G\000a\000p\000s\000\040\000f\000o\000r\000\040\000C\000o\000n\000t\000r\000i\000b\000u\000t\000i\000o\000n}{subsection.2.18}% 107
\BOOKMARK [3][-]{subsubsection.2.18.2}{\376\377\000N\000o\000v\000e\000l\000\040\000P\000r\000e\000-\000p\000r\000o\000c\000e\000s\000s\000i\000n\000g\000\040\000T\000e\000c\000h\000n\000i\000q\000u\000e\000s\000,\000\040\000p\000a\000r\000t\000i\000c\000u\000l\000a\000r\000l\000y\000\040\000A\000d\000a\000p\000t\000i\000v\000e\000\040\000I\000m\000p\000u\000t\000a\000t\000i\000o\000n\000\040\000f\000o\000r\000\040\000M\000u\000l\000t\000i\000-\000C\000l\000a\000s\000s}{subsection.2.18}% 108
\BOOKMARK [3][-]{subsubsection.2.18.3}{\376\377\000O\000p\000t\000i\000m\000i\000z\000e\000d\000\040\000X\000G\000B\000o\000o\000s\000t\000\040\000H\000y\000p\000e\000r\000p\000a\000r\000a\000m\000e\000t\000e\000r\000\040\000T\000u\000n\000i\000n\000g\000\040\000w\000i\000t\000h\000\040\000M\000u\000l\000t\000i\000-\000C\000l\000a\000s\000s\000\040\000I\000m\000b\000a\000l\000a\000n\000c\000e\000\040\000i\000n\000\040\000M\000i\000n\000d}{subsection.2.18}% 109
\BOOKMARK [1][-]{section.3}{\376\377\000C\000h\000a\000p\000t\000e\000r\000\040\0003\000:\000\040\000M\000e\000t\000h\000o\000d\000o\000l\000o\000g\000y}{}% 110
\BOOKMARK [2][-]{subsection.3.1}{\376\377\000I\000n\000t\000r\000o\000d\000u\000c\000t\000i\000o\000n}{section.3}% 111
\BOOKMARK [2][-]{subsection.3.2}{\376\377\000D\000a\000t\000a\000s\000e\000t\000\040\000D\000e\000s\000c\000r\000i\000p\000t\000i\000o\000n\000:\000\040\000C\000I\000C\000-\000I\000D\000S\0002\0000\0001\0007}{section.3}% 112
\BOOKMARK [2][-]{subsection.3.3}{\376\377\000D\000a\000t\000a\000\040\000P\000r\000e\000-\000p\000r\000o\000c\000e\000s\000s\000i\000n\000g}{section.3}% 113
\BOOKMARK [2][-]{subsection.3.4}{\376\377\000D\000a\000t\000a\000\040\000L\000o\000a\000d\000i\000n\000g\000\040\000a\000n\000d\000\040\000I\000n\000i\000t\000i\000a\000l\000\040\000I\000n\000s\000p\000e\000c\000t\000i\000o\000n}{section.3}% 114
\BOOKMARK [2][-]{subsection.3.5}{\376\377\000H\000a\000n\000d\000l\000i\000n\000g\000\040\000M\000i\000s\000s\000i\000n\000g\000\040\000a\000n\000d\000\040\000I\000n\000f\000i\000n\000i\000t\000e\000\040\000V\000a\000l\000u\000e\000s}{section.3}% 115
\BOOKMARK [2][-]{subsection.3.6}{\376\377\000H\000a\000n\000d\000l\000i\000n\000g\000\040\000C\000a\000t\000e\000g\000o\000r\000i\000c\000a\000l\000\040\000F\000e\000a\000t\000u\000r\000e\000s}{section.3}% 116
\BOOKMARK [2][-]{subsection.3.7}{\376\377\000F\000e\000a\000t\000u\000r\000e\000\040\000S\000c\000a\000l\000i\000n\000g\000/\000N\000o\000r\000m\000a\000l\000i\000z\000a\000t\000i\000o\000n}{section.3}% 117
\BOOKMARK [2][-]{subsection.3.8}{\376\377\000F\000e\000a\000t\000u\000r\000e\000\040\000E\000n\000g\000i\000n\000e\000e\000r\000i\000n\000g\000\040\000\050\000i\000f\000\040\000a\000p\000p\000l\000i\000c\000a\000b\000l\000e\000\051}{section.3}% 118
\BOOKMARK [2][-]{subsection.3.9}{\376\377\000H\000a\000n\000d\000l\000i\000n\000g\000\040\000C\000l\000a\000s\000s\000\040\000I\000m\000b\000a\000l\000a\000n\000c\000e}{section.3}% 119
\BOOKMARK [2][-]{subsection.3.10}{\376\377\000M\000o\000d\000e\000l\000\040\000S\000e\000l\000e\000c\000t\000i\000o\000n}{section.3}% 120
\BOOKMARK [2][-]{subsection.3.11}{\376\377\000E\000x\000p\000e\000r\000i\000m\000e\000n\000t\000a\000l\000\040\000S\000e\000t\000u\000p}{section.3}% 121
\BOOKMARK [3][-]{subsubsection.3.11.1}{\376\377\000D\000a\000t\000a\000\040\000S\000p\000l\000i\000t\000t\000i\000n\000g}{subsection.3.11}% 122
\BOOKMARK [3][-]{subsubsection.3.11.2}{\376\377\000E\000v\000a\000l\000u\000a\000t\000i\000o\000n\000\040\000M\000e\000t\000r\000i\000c\000s}{subsection.3.11}% 123
\BOOKMARK [2][-]{subsection.3.12}{\376\377\000T\000o\000o\000l\000s\000\040\000a\000n\000d\000\040\000E\000n\000v\000i\000r\000o\000n\000m\000e\000n\000t}{section.3}% 124
\BOOKMARK [2][-]{subsection.3.13}{\376\377\000H\000y\000p\000e\000r\000p\000a\000r\000a\000m\000e\000t\000e\000r\000\040\000T\000u\000n\000i\000n\000g}{section.3}% 125
\BOOKMARK [2][-]{subsection.3.14}{\376\377\000C\000o\000m\000p\000a\000r\000a\000t\000i\000v\000e\000\040\000A\000n\000a\000l\000y\000s\000i\000s}{section.3}% 126
\BOOKMARK [1][-]{section.4}{\376\377\000C\000h\000a\000p\000t\000e\000r\000\040\0004\000:\000\040\000R\000e\000s\000u\000l\000t\000s}{}% 127
\BOOKMARK [2][-]{subsection.4.1}{\376\377\000I\000n\000t\000r\000o\000d\000u\000c\000t\000i\000o\000n}{section.4}% 128
\BOOKMARK [2][-]{subsection.4.2}{\376\377\000D\000a\000t\000a\000s\000e\000t\000\040\000C\000h\000a\000r\000a\000c\000t\000e\000r\000i\000s\000t\000i\000c\000s\000\040\000a\000f\000t\000e\000r\000\040\000P\000r\000e\000-\000p\000r\000o\000c\000e\000s\000s\000i\000n\000g}{section.4}% 129
\BOOKMARK [2][-]{subsection.4.3}{\376\377\000B\000a\000s\000e\000l\000i\000n\000e\000\040\000M\000o\000d\000e\000l\000\040\000P\000e\000r\000f\000o\000r\000m\000a\000n\000c\000e}{section.4}% 130
\BOOKMARK [2][-]{subsection.4.4}{\376\377\000H\000y\000p\000e\000r\000p\000a\000r\000a\000m\000e\000t\000e\000r\000\040\000T\000u\000n\000i\000n\000g\000\040\000R\000e\000s\000u\000l\000t\000s}{section.4}% 131
\BOOKMARK [2][-]{subsection.4.5}{\376\377\000O\000p\000t\000i\000m\000i\000z\000e\000d\000\040\000X\000G\000B\000o\000o\000s\000t\000\040\000M\000o\000d\000e\000l\000\040\000P\000e\000r\000f\000o\000r\000m\000a\000n\000c\000e}{section.4}% 132
\BOOKMARK [2][-]{subsection.4.6}{\376\377\000C\000o\000m\000p\000a\000r\000a\000t\000i\000v\000e\000\040\000A\000n\000a\000l\000y\000s\000i\000s\000\040\000R\000e\000s\000u\000l\000t\000s}{section.4}% 133
\BOOKMARK [1][-]{section.5}{\376\377\000C\000h\000a\000p\000t\000e\000r\000\040\0005\000:\000\040\000D\000i\000s\000c\000u\000s\000s\000i\000o\000n}{}% 134
\BOOKMARK [2][-]{subsection.5.1}{\376\377\000I\000n\000t\000e\000r\000p\000r\000e\000t\000a\000t\000i\000o\000n\000\040\000o\000f\000\040\000R\000e\000s\000u\000l\000t\000s}{section.5}% 135
\BOOKMARK [2][-]{subsection.5.2}{\376\377\000A\000n\000s\000w\000e\000r\000i\000n\000g\000\040\000R\000e\000s\000e\000a\000r\000c\000h\000\040\000Q\000u\000e\000s\000t\000i\000o\000n\000s}{section.5}% 136
\BOOKMARK [2][-]{subsection.5.3}{\376\377\000C\000o\000m\000p\000a\000r\000i\000s\000o\000n\000\040\000w\000i\000t\000h\000\040\000R\000e\000l\000a\000t\000e\000d\000\040\000W\000o\000r\000k}{section.5}% 137
\BOOKMARK [2][-]{subsection.5.4}{\376\377\000L\000i\000m\000i\000t\000a\000t\000i\000o\000n\000s\000\040\000o\000f\000\040\000t\000h\000e\000\040\000S\000t\000u\000d\000y}{section.5}% 138
\BOOKMARK [2][-]{subsection.5.5}{\376\377\000I\000m\000p\000l\000i\000c\000a\000t\000i\000o\000n\000s\000\040\000a\000n\000d\000\040\000C\000o\000n\000t\000r\000i\000b\000u\000t\000i\000o\000n\000s}{section.5}% 139
\BOOKMARK [1][-]{section.6}{\376\377\000C\000h\000a\000p\000t\000e\000r\000\040\0006\000:\000\040\000C\000o\000n\000c\000l\000u\000s\000i\000o\000n\000\040\000a\000n\000d\000\040\000F\000u\000t\000u\000r\000e\000\040\000W\000o\000r\000k}{}% 140
\BOOKMARK [2][-]{subsection.6.1}{\376\377\000C\000o\000n\000c\000l\000u\000s\000i\000o\000n}{section.6}% 141
\BOOKMARK [2][-]{subsection.6.2}{\376\377\000F\000u\000t\000u\000r\000e\000\040\000W\000o\000r\000k}{section.6}% 142
\BOOKMARK [1][-]{section.7}{\376\377\000E\000t\000h\000i\000c\000s}{}% 143
\BOOKMARK [2][-]{subsection.7.1}{\376\377\000E\000t\000h\000i\000c\000a\000l\000\040\000S\000t\000a\000t\000e\000m\000e\000n\000t}{section.7}% 144
\BOOKMARK [1][-]{section.8}{\376\377\000A\000p\000p\000e\000n\000d\000i\000x}{}% 145
\BOOKMARK [2][-]{subsection.8.1}{\376\377\000S\000o\000u\000r\000c\000e\000\040\000C\000o\000d\000e\000\040\000R\000e\000p\000o\000s\000i\000t\000o\000r\000y}{section.8}% 146
